{"timestamp":"2025-11-26T16:41:11.062764","level":"info","event":"DAG bundles loaded: dags-folder","logger":"airflow.dag_processing.bundles.manager.DagBundlesManager"}
{"timestamp":"2025-11-26T16:41:11.063099","level":"info","event":"Filling up the DagBag from /opt/airflow/dags/sales_etl_pipeline.py","logger":"airflow.models.dagbag.DagBag"}
{"timestamp":"2025-11-26T16:41:11.451296","level":"info","event":"Skipping registering function get_context because it does not have a class","logger":"great_expectations._docs_decorators"}
{"timestamp":"2025-11-26T16:41:12.049986","level":"info","event":"Skipping registering function DataSourceManager._register_add_datasource.<locals>.crud_method_info because it is a closure","logger":"great_expectations._docs_decorators"}
{"timestamp":"2025-11-26T16:41:12.050174","level":"info","event":"Skipping registering function DataSourceManager._register_update_datasource.<locals>.crud_method_info because it is a closure","logger":"great_expectations._docs_decorators"}
{"timestamp":"2025-11-26T16:41:12.050204","level":"info","event":"Skipping registering function DataSourceManager._register_add_or_update_datasource.<locals>.crud_method_info because it is a closure","logger":"great_expectations._docs_decorators"}
{"timestamp":"2025-11-26T16:41:12.050227","level":"info","event":"Skipping registering function DataSourceManager._register_delete_datasource.<locals>.crud_method_info because it is a closure","logger":"great_expectations._docs_decorators"}
{"timestamp":"2025-11-26T16:41:12.072599","level":"info","event":"Skipping registering function DataSourceManager._bind_asset_factory_method_if_not_present.<locals>._add_asset_factory because it is a closure","logger":"great_expectations._docs_decorators"}
{"timestamp":"2025-11-26T16:41:12.072743","level":"info","event":"Skipping registering function DataSourceManager._bind_asset_factory_method_if_not_present.<locals>._add_asset_factory because it is a closure","logger":"great_expectations._docs_decorators"}
{"timestamp":"2025-11-26T16:41:12.072858","level":"info","event":"Skipping registering function DataSourceManager._bind_asset_factory_method_if_not_present.<locals>._add_asset_factory because it is a closure","logger":"great_expectations._docs_decorators"}
{"timestamp":"2025-11-26T16:41:12.072954","level":"info","event":"Skipping registering function DataSourceManager._bind_asset_factory_method_if_not_present.<locals>._add_asset_factory because it is a closure","logger":"great_expectations._docs_decorators"}
{"timestamp":"2025-11-26T16:41:12.073041","level":"info","event":"Skipping registering function DataSourceManager._bind_asset_factory_method_if_not_present.<locals>._add_asset_factory because it is a closure","logger":"great_expectations._docs_decorators"}
{"timestamp":"2025-11-26T16:41:12.073128","level":"info","event":"Skipping registering function DataSourceManager._bind_asset_factory_method_if_not_present.<locals>._add_asset_factory because it is a closure","logger":"great_expectations._docs_decorators"}
{"timestamp":"2025-11-26T16:41:12.073216","level":"info","event":"Skipping registering function DataSourceManager._bind_asset_factory_method_if_not_present.<locals>._add_asset_factory because it is a closure","logger":"great_expectations._docs_decorators"}
{"timestamp":"2025-11-26T16:41:12.073303","level":"info","event":"Skipping registering function DataSourceManager._bind_asset_factory_method_if_not_present.<locals>._add_asset_factory because it is a closure","logger":"great_expectations._docs_decorators"}
{"timestamp":"2025-11-26T16:41:12.073378","level":"info","event":"Skipping registering function DataSourceManager._bind_asset_factory_method_if_not_present.<locals>._add_asset_factory because it is a closure","logger":"great_expectations._docs_decorators"}
{"timestamp":"2025-11-26T16:41:12.073412","level":"info","event":"Skipping registering function DataSourceManager._bind_asset_factory_method_if_not_present.<locals>._add_asset_factory because it is a closure","logger":"great_expectations._docs_decorators"}
{"timestamp":"2025-11-26T16:41:12.073452","level":"info","event":"Skipping registering function DataSourceManager._bind_asset_factory_method_if_not_present.<locals>._add_asset_factory because it is a closure","logger":"great_expectations._docs_decorators"}
{"timestamp":"2025-11-26T16:41:12.073485","level":"info","event":"Skipping registering function DataSourceManager._bind_asset_factory_method_if_not_present.<locals>._add_asset_factory because it is a closure","logger":"great_expectations._docs_decorators"}
{"timestamp":"2025-11-26T16:41:12.073517","level":"info","event":"Skipping registering function DataSourceManager._bind_asset_factory_method_if_not_present.<locals>._add_asset_factory because it is a closure","logger":"great_expectations._docs_decorators"}
{"timestamp":"2025-11-26T16:41:12.073560","level":"info","event":"Skipping registering function DataSourceManager._bind_asset_factory_method_if_not_present.<locals>._add_asset_factory because it is a closure","logger":"great_expectations._docs_decorators"}
{"timestamp":"2025-11-26T16:41:12.073582","level":"info","event":"Skipping registering function DataSourceManager._register_add_datasource.<locals>.crud_method_info because it is a closure","logger":"great_expectations._docs_decorators"}
{"timestamp":"2025-11-26T16:41:12.073600","level":"info","event":"Skipping registering function DataSourceManager._register_update_datasource.<locals>.crud_method_info because it is a closure","logger":"great_expectations._docs_decorators"}
{"timestamp":"2025-11-26T16:41:12.073617","level":"info","event":"Skipping registering function DataSourceManager._register_add_or_update_datasource.<locals>.crud_method_info because it is a closure","logger":"great_expectations._docs_decorators"}
{"timestamp":"2025-11-26T16:41:12.073632","level":"info","event":"Skipping registering function DataSourceManager._register_delete_datasource.<locals>.crud_method_info because it is a closure","logger":"great_expectations._docs_decorators"}
{"timestamp":"2025-11-26T16:41:12.074378","level":"info","event":"Skipping registering function DataSourceManager._register_add_datasource.<locals>.crud_method_info because it is a closure","logger":"great_expectations._docs_decorators"}
{"timestamp":"2025-11-26T16:41:12.074404","level":"info","event":"Skipping registering function DataSourceManager._register_update_datasource.<locals>.crud_method_info because it is a closure","logger":"great_expectations._docs_decorators"}
{"timestamp":"2025-11-26T16:41:12.074423","level":"info","event":"Skipping registering function DataSourceManager._register_add_or_update_datasource.<locals>.crud_method_info because it is a closure","logger":"great_expectations._docs_decorators"}
{"timestamp":"2025-11-26T16:41:12.074441","level":"info","event":"Skipping registering function DataSourceManager._register_delete_datasource.<locals>.crud_method_info because it is a closure","logger":"great_expectations._docs_decorators"}
{"timestamp":"2025-11-26T16:41:12.075391","level":"info","event":"Skipping registering function DataSourceManager._bind_asset_factory_method_if_not_present.<locals>._add_asset_factory because it is a closure","logger":"great_expectations._docs_decorators"}
{"timestamp":"2025-11-26T16:41:12.075440","level":"info","event":"Skipping registering function DataSourceManager._bind_asset_factory_method_if_not_present.<locals>._add_asset_factory because it is a closure","logger":"great_expectations._docs_decorators"}
{"timestamp":"2025-11-26T16:41:12.075473","level":"info","event":"Skipping registering function DataSourceManager._bind_asset_factory_method_if_not_present.<locals>._add_asset_factory because it is a closure","logger":"great_expectations._docs_decorators"}
{"timestamp":"2025-11-26T16:41:12.075505","level":"info","event":"Skipping registering function DataSourceManager._bind_asset_factory_method_if_not_present.<locals>._add_asset_factory because it is a closure","logger":"great_expectations._docs_decorators"}
{"timestamp":"2025-11-26T16:41:12.075538","level":"info","event":"Skipping registering function DataSourceManager._bind_asset_factory_method_if_not_present.<locals>._add_asset_factory because it is a closure","logger":"great_expectations._docs_decorators"}
{"timestamp":"2025-11-26T16:41:12.075792","level":"info","event":"Skipping registering function DataSourceManager._bind_asset_factory_method_if_not_present.<locals>._add_asset_factory because it is a closure","logger":"great_expectations._docs_decorators"}
{"timestamp":"2025-11-26T16:41:12.076040","level":"info","event":"Skipping registering function DataSourceManager._bind_asset_factory_method_if_not_present.<locals>._add_asset_factory because it is a closure","logger":"great_expectations._docs_decorators"}
{"timestamp":"2025-11-26T16:41:12.076334","level":"info","event":"Skipping registering function DataSourceManager._bind_asset_factory_method_if_not_present.<locals>._add_asset_factory because it is a closure","logger":"great_expectations._docs_decorators"}
{"timestamp":"2025-11-26T16:41:12.076502","level":"info","event":"Skipping registering function DataSourceManager._bind_asset_factory_method_if_not_present.<locals>._add_asset_factory because it is a closure","logger":"great_expectations._docs_decorators"}
{"timestamp":"2025-11-26T16:41:12.076598","level":"info","event":"Skipping registering function DataSourceManager._bind_asset_factory_method_if_not_present.<locals>._add_asset_factory because it is a closure","logger":"great_expectations._docs_decorators"}
{"timestamp":"2025-11-26T16:41:12.076682","level":"info","event":"Skipping registering function DataSourceManager._bind_asset_factory_method_if_not_present.<locals>._add_asset_factory because it is a closure","logger":"great_expectations._docs_decorators"}
{"timestamp":"2025-11-26T16:41:12.076763","level":"info","event":"Skipping registering function DataSourceManager._bind_asset_factory_method_if_not_present.<locals>._add_asset_factory because it is a closure","logger":"great_expectations._docs_decorators"}
{"timestamp":"2025-11-26T16:41:12.076847","level":"info","event":"Skipping registering function DataSourceManager._bind_asset_factory_method_if_not_present.<locals>._add_asset_factory because it is a closure","logger":"great_expectations._docs_decorators"}
{"timestamp":"2025-11-26T16:41:12.076928","level":"info","event":"Skipping registering function DataSourceManager._bind_asset_factory_method_if_not_present.<locals>._add_asset_factory because it is a closure","logger":"great_expectations._docs_decorators"}
{"timestamp":"2025-11-26T16:41:12.076993","level":"info","event":"Skipping registering function DataSourceManager._register_add_datasource.<locals>.crud_method_info because it is a closure","logger":"great_expectations._docs_decorators"}
{"timestamp":"2025-11-26T16:41:12.077056","level":"info","event":"Skipping registering function DataSourceManager._register_update_datasource.<locals>.crud_method_info because it is a closure","logger":"great_expectations._docs_decorators"}
{"timestamp":"2025-11-26T16:41:12.077118","level":"info","event":"Skipping registering function DataSourceManager._register_add_or_update_datasource.<locals>.crud_method_info because it is a closure","logger":"great_expectations._docs_decorators"}
{"timestamp":"2025-11-26T16:41:12.077177","level":"info","event":"Skipping registering function DataSourceManager._register_delete_datasource.<locals>.crud_method_info because it is a closure","logger":"great_expectations._docs_decorators"}
{"timestamp":"2025-11-26T16:41:12.078094","level":"info","event":"Skipping registering function DataSourceManager._bind_asset_factory_method_if_not_present.<locals>._add_asset_factory because it is a closure","logger":"great_expectations._docs_decorators"}
{"timestamp":"2025-11-26T16:41:12.078195","level":"info","event":"Skipping registering function DataSourceManager._bind_asset_factory_method_if_not_present.<locals>._add_asset_factory because it is a closure","logger":"great_expectations._docs_decorators"}
{"timestamp":"2025-11-26T16:41:12.078278","level":"info","event":"Skipping registering function DataSourceManager._bind_asset_factory_method_if_not_present.<locals>._add_asset_factory because it is a closure","logger":"great_expectations._docs_decorators"}
{"timestamp":"2025-11-26T16:41:12.078385","level":"info","event":"Skipping registering function DataSourceManager._bind_asset_factory_method_if_not_present.<locals>._add_asset_factory because it is a closure","logger":"great_expectations._docs_decorators"}
{"timestamp":"2025-11-26T16:41:12.078467","level":"info","event":"Skipping registering function DataSourceManager._bind_asset_factory_method_if_not_present.<locals>._add_asset_factory because it is a closure","logger":"great_expectations._docs_decorators"}
{"timestamp":"2025-11-26T16:41:12.078553","level":"info","event":"Skipping registering function DataSourceManager._bind_asset_factory_method_if_not_present.<locals>._add_asset_factory because it is a closure","logger":"great_expectations._docs_decorators"}
{"timestamp":"2025-11-26T16:41:12.078644","level":"info","event":"Skipping registering function DataSourceManager._bind_asset_factory_method_if_not_present.<locals>._add_asset_factory because it is a closure","logger":"great_expectations._docs_decorators"}
{"timestamp":"2025-11-26T16:41:12.078726","level":"info","event":"Skipping registering function DataSourceManager._bind_asset_factory_method_if_not_present.<locals>._add_asset_factory because it is a closure","logger":"great_expectations._docs_decorators"}
{"timestamp":"2025-11-26T16:41:12.078806","level":"info","event":"Skipping registering function DataSourceManager._bind_asset_factory_method_if_not_present.<locals>._add_asset_factory because it is a closure","logger":"great_expectations._docs_decorators"}
{"timestamp":"2025-11-26T16:41:12.078883","level":"info","event":"Skipping registering function DataSourceManager._bind_asset_factory_method_if_not_present.<locals>._add_asset_factory because it is a closure","logger":"great_expectations._docs_decorators"}
{"timestamp":"2025-11-26T16:41:12.078964","level":"info","event":"Skipping registering function DataSourceManager._bind_asset_factory_method_if_not_present.<locals>._add_asset_factory because it is a closure","logger":"great_expectations._docs_decorators"}
{"timestamp":"2025-11-26T16:41:12.079054","level":"info","event":"Skipping registering function DataSourceManager._bind_asset_factory_method_if_not_present.<locals>._add_asset_factory because it is a closure","logger":"great_expectations._docs_decorators"}
{"timestamp":"2025-11-26T16:41:12.079138","level":"info","event":"Skipping registering function DataSourceManager._bind_asset_factory_method_if_not_present.<locals>._add_asset_factory because it is a closure","logger":"great_expectations._docs_decorators"}
{"timestamp":"2025-11-26T16:41:12.079218","level":"info","event":"Skipping registering function DataSourceManager._bind_asset_factory_method_if_not_present.<locals>._add_asset_factory because it is a closure","logger":"great_expectations._docs_decorators"}
{"timestamp":"2025-11-26T16:41:12.079284","level":"info","event":"Skipping registering function DataSourceManager._register_add_datasource.<locals>.crud_method_info because it is a closure","logger":"great_expectations._docs_decorators"}
{"timestamp":"2025-11-26T16:41:12.079346","level":"info","event":"Skipping registering function DataSourceManager._register_update_datasource.<locals>.crud_method_info because it is a closure","logger":"great_expectations._docs_decorators"}
{"timestamp":"2025-11-26T16:41:12.079405","level":"info","event":"Skipping registering function DataSourceManager._register_add_or_update_datasource.<locals>.crud_method_info because it is a closure","logger":"great_expectations._docs_decorators"}
{"timestamp":"2025-11-26T16:41:12.079463","level":"info","event":"Skipping registering function DataSourceManager._register_delete_datasource.<locals>.crud_method_info because it is a closure","logger":"great_expectations._docs_decorators"}
{"timestamp":"2025-11-26T16:41:12.080375","level":"info","event":"Skipping registering function DataSourceManager._bind_asset_factory_method_if_not_present.<locals>._add_asset_factory because it is a closure","logger":"great_expectations._docs_decorators"}
{"timestamp":"2025-11-26T16:41:12.080497","level":"info","event":"Skipping registering function DataSourceManager._bind_asset_factory_method_if_not_present.<locals>._add_asset_factory because it is a closure","logger":"great_expectations._docs_decorators"}
{"timestamp":"2025-11-26T16:41:12.080597","level":"info","event":"Skipping registering function DataSourceManager._bind_asset_factory_method_if_not_present.<locals>._add_asset_factory because it is a closure","logger":"great_expectations._docs_decorators"}
{"timestamp":"2025-11-26T16:41:12.080680","level":"info","event":"Skipping registering function DataSourceManager._bind_asset_factory_method_if_not_present.<locals>._add_asset_factory because it is a closure","logger":"great_expectations._docs_decorators"}
{"timestamp":"2025-11-26T16:41:12.080765","level":"info","event":"Skipping registering function DataSourceManager._bind_asset_factory_method_if_not_present.<locals>._add_asset_factory because it is a closure","logger":"great_expectations._docs_decorators"}
{"timestamp":"2025-11-26T16:41:12.080846","level":"info","event":"Skipping registering function DataSourceManager._bind_asset_factory_method_if_not_present.<locals>._add_asset_factory because it is a closure","logger":"great_expectations._docs_decorators"}
{"timestamp":"2025-11-26T16:41:12.080929","level":"info","event":"Skipping registering function DataSourceManager._bind_asset_factory_method_if_not_present.<locals>._add_asset_factory because it is a closure","logger":"great_expectations._docs_decorators"}
{"timestamp":"2025-11-26T16:41:12.081010","level":"info","event":"Skipping registering function DataSourceManager._bind_asset_factory_method_if_not_present.<locals>._add_asset_factory because it is a closure","logger":"great_expectations._docs_decorators"}
{"timestamp":"2025-11-26T16:41:12.081092","level":"info","event":"Skipping registering function DataSourceManager._bind_asset_factory_method_if_not_present.<locals>._add_asset_factory because it is a closure","logger":"great_expectations._docs_decorators"}
{"timestamp":"2025-11-26T16:41:12.081172","level":"info","event":"Skipping registering function DataSourceManager._bind_asset_factory_method_if_not_present.<locals>._add_asset_factory because it is a closure","logger":"great_expectations._docs_decorators"}
{"timestamp":"2025-11-26T16:41:12.081252","level":"info","event":"Skipping registering function DataSourceManager._bind_asset_factory_method_if_not_present.<locals>._add_asset_factory because it is a closure","logger":"great_expectations._docs_decorators"}
{"timestamp":"2025-11-26T16:41:12.081329","level":"info","event":"Skipping registering function DataSourceManager._bind_asset_factory_method_if_not_present.<locals>._add_asset_factory because it is a closure","logger":"great_expectations._docs_decorators"}
{"timestamp":"2025-11-26T16:41:12.081408","level":"info","event":"Skipping registering function DataSourceManager._bind_asset_factory_method_if_not_present.<locals>._add_asset_factory because it is a closure","logger":"great_expectations._docs_decorators"}
{"timestamp":"2025-11-26T16:41:12.081486","level":"info","event":"Skipping registering function DataSourceManager._bind_asset_factory_method_if_not_present.<locals>._add_asset_factory because it is a closure","logger":"great_expectations._docs_decorators"}
{"timestamp":"2025-11-26T16:41:12.081555","level":"info","event":"Skipping registering function DataSourceManager._register_add_datasource.<locals>.crud_method_info because it is a closure","logger":"great_expectations._docs_decorators"}
{"timestamp":"2025-11-26T16:41:12.081617","level":"info","event":"Skipping registering function DataSourceManager._register_update_datasource.<locals>.crud_method_info because it is a closure","logger":"great_expectations._docs_decorators"}
{"timestamp":"2025-11-26T16:41:12.081676","level":"info","event":"Skipping registering function DataSourceManager._register_add_or_update_datasource.<locals>.crud_method_info because it is a closure","logger":"great_expectations._docs_decorators"}
{"timestamp":"2025-11-26T16:41:12.081734","level":"info","event":"Skipping registering function DataSourceManager._register_delete_datasource.<locals>.crud_method_info because it is a closure","logger":"great_expectations._docs_decorators"}
{"timestamp":"2025-11-26T16:41:12.085111","level":"info","event":"Skipping registering function DataSourceManager._register_add_datasource.<locals>.crud_method_info because it is a closure","logger":"great_expectations._docs_decorators"}
{"timestamp":"2025-11-26T16:41:12.085196","level":"info","event":"Skipping registering function DataSourceManager._register_update_datasource.<locals>.crud_method_info because it is a closure","logger":"great_expectations._docs_decorators"}
{"timestamp":"2025-11-26T16:41:12.085263","level":"info","event":"Skipping registering function DataSourceManager._register_add_or_update_datasource.<locals>.crud_method_info because it is a closure","logger":"great_expectations._docs_decorators"}
{"timestamp":"2025-11-26T16:41:12.085327","level":"info","event":"Skipping registering function DataSourceManager._register_delete_datasource.<locals>.crud_method_info because it is a closure","logger":"great_expectations._docs_decorators"}
{"timestamp":"2025-11-26T16:41:12.093191","level":"info","event":"Skipping registering function DataSourceManager._register_add_datasource.<locals>.crud_method_info because it is a closure","logger":"great_expectations._docs_decorators"}
{"timestamp":"2025-11-26T16:41:12.093287","level":"info","event":"Skipping registering function DataSourceManager._register_update_datasource.<locals>.crud_method_info because it is a closure","logger":"great_expectations._docs_decorators"}
{"timestamp":"2025-11-26T16:41:12.093358","level":"info","event":"Skipping registering function DataSourceManager._register_add_or_update_datasource.<locals>.crud_method_info because it is a closure","logger":"great_expectations._docs_decorators"}
{"timestamp":"2025-11-26T16:41:12.093425","level":"info","event":"Skipping registering function DataSourceManager._register_delete_datasource.<locals>.crud_method_info because it is a closure","logger":"great_expectations._docs_decorators"}
{"timestamp":"2025-11-26T16:41:12.094900","level":"info","event":"Skipping registering function DataSourceManager._register_add_datasource.<locals>.crud_method_info because it is a closure","logger":"great_expectations._docs_decorators"}
{"timestamp":"2025-11-26T16:41:12.095004","level":"info","event":"Skipping registering function DataSourceManager._register_update_datasource.<locals>.crud_method_info because it is a closure","logger":"great_expectations._docs_decorators"}
{"timestamp":"2025-11-26T16:41:12.095097","level":"info","event":"Skipping registering function DataSourceManager._register_add_or_update_datasource.<locals>.crud_method_info because it is a closure","logger":"great_expectations._docs_decorators"}
{"timestamp":"2025-11-26T16:41:12.095175","level":"info","event":"Skipping registering function DataSourceManager._register_delete_datasource.<locals>.crud_method_info because it is a closure","logger":"great_expectations._docs_decorators"}
{"timestamp":"2025-11-26T16:41:12.097831","level":"info","event":"Skipping registering function DataSourceManager._register_add_datasource.<locals>.crud_method_info because it is a closure","logger":"great_expectations._docs_decorators"}
{"timestamp":"2025-11-26T16:41:12.097860","level":"info","event":"Skipping registering function DataSourceManager._register_update_datasource.<locals>.crud_method_info because it is a closure","logger":"great_expectations._docs_decorators"}
{"timestamp":"2025-11-26T16:41:12.097879","level":"info","event":"Skipping registering function DataSourceManager._register_add_or_update_datasource.<locals>.crud_method_info because it is a closure","logger":"great_expectations._docs_decorators"}
{"timestamp":"2025-11-26T16:41:12.097896","level":"info","event":"Skipping registering function DataSourceManager._register_delete_datasource.<locals>.crud_method_info because it is a closure","logger":"great_expectations._docs_decorators"}
{"timestamp":"2025-11-26T16:41:12.131830","level":"info","event":"Skipping registering function DataSourceManager._bind_asset_factory_method_if_not_present.<locals>._add_asset_factory because it is a closure","logger":"great_expectations._docs_decorators"}
{"timestamp":"2025-11-26T16:41:12.131976","level":"info","event":"Skipping registering function DataSourceManager._bind_asset_factory_method_if_not_present.<locals>._add_asset_factory because it is a closure","logger":"great_expectations._docs_decorators"}
{"timestamp":"2025-11-26T16:41:12.132072","level":"info","event":"Skipping registering function DataSourceManager._bind_asset_factory_method_if_not_present.<locals>._add_asset_factory because it is a closure","logger":"great_expectations._docs_decorators"}
{"timestamp":"2025-11-26T16:41:12.132159","level":"info","event":"Skipping registering function DataSourceManager._bind_asset_factory_method_if_not_present.<locals>._add_asset_factory because it is a closure","logger":"great_expectations._docs_decorators"}
{"timestamp":"2025-11-26T16:41:12.132246","level":"info","event":"Skipping registering function DataSourceManager._bind_asset_factory_method_if_not_present.<locals>._add_asset_factory because it is a closure","logger":"great_expectations._docs_decorators"}
{"timestamp":"2025-11-26T16:41:12.132330","level":"info","event":"Skipping registering function DataSourceManager._bind_asset_factory_method_if_not_present.<locals>._add_asset_factory because it is a closure","logger":"great_expectations._docs_decorators"}
{"timestamp":"2025-11-26T16:41:12.132422","level":"info","event":"Skipping registering function DataSourceManager._bind_asset_factory_method_if_not_present.<locals>._add_asset_factory because it is a closure","logger":"great_expectations._docs_decorators"}
{"timestamp":"2025-11-26T16:41:12.132508","level":"info","event":"Skipping registering function DataSourceManager._bind_asset_factory_method_if_not_present.<locals>._add_asset_factory because it is a closure","logger":"great_expectations._docs_decorators"}
{"timestamp":"2025-11-26T16:41:12.132593","level":"info","event":"Skipping registering function DataSourceManager._bind_asset_factory_method_if_not_present.<locals>._add_asset_factory because it is a closure","logger":"great_expectations._docs_decorators"}
{"timestamp":"2025-11-26T16:41:12.132674","level":"info","event":"Skipping registering function DataSourceManager._bind_asset_factory_method_if_not_present.<locals>._add_asset_factory because it is a closure","logger":"great_expectations._docs_decorators"}
{"timestamp":"2025-11-26T16:41:12.132758","level":"info","event":"Skipping registering function DataSourceManager._bind_asset_factory_method_if_not_present.<locals>._add_asset_factory because it is a closure","logger":"great_expectations._docs_decorators"}
{"timestamp":"2025-11-26T16:41:12.132836","level":"info","event":"Skipping registering function DataSourceManager._bind_asset_factory_method_if_not_present.<locals>._add_asset_factory because it is a closure","logger":"great_expectations._docs_decorators"}
{"timestamp":"2025-11-26T16:41:12.132901","level":"info","event":"Skipping registering function DataSourceManager._register_add_datasource.<locals>.crud_method_info because it is a closure","logger":"great_expectations._docs_decorators"}
{"timestamp":"2025-11-26T16:41:12.133006","level":"info","event":"Skipping registering function DataSourceManager._register_update_datasource.<locals>.crud_method_info because it is a closure","logger":"great_expectations._docs_decorators"}
{"timestamp":"2025-11-26T16:41:12.133114","level":"info","event":"Skipping registering function DataSourceManager._register_add_or_update_datasource.<locals>.crud_method_info because it is a closure","logger":"great_expectations._docs_decorators"}
{"timestamp":"2025-11-26T16:41:12.133193","level":"info","event":"Skipping registering function DataSourceManager._register_delete_datasource.<locals>.crud_method_info because it is a closure","logger":"great_expectations._docs_decorators"}
{"timestamp":"2025-11-26T16:41:12.134722","level":"info","event":"Skipping registering function DataSourceManager._register_add_datasource.<locals>.crud_method_info because it is a closure","logger":"great_expectations._docs_decorators"}
{"timestamp":"2025-11-26T16:41:12.134811","level":"info","event":"Skipping registering function DataSourceManager._register_update_datasource.<locals>.crud_method_info because it is a closure","logger":"great_expectations._docs_decorators"}
{"timestamp":"2025-11-26T16:41:12.134854","level":"info","event":"Skipping registering function DataSourceManager._register_add_or_update_datasource.<locals>.crud_method_info because it is a closure","logger":"great_expectations._docs_decorators"}
{"timestamp":"2025-11-26T16:41:12.134873","level":"info","event":"Skipping registering function DataSourceManager._register_delete_datasource.<locals>.crud_method_info because it is a closure","logger":"great_expectations._docs_decorators"}
{"timestamp":"2025-11-26T16:41:12.136447","level":"info","event":"Skipping registering function DataSourceManager._bind_asset_factory_method_if_not_present.<locals>._add_asset_factory because it is a closure","logger":"great_expectations._docs_decorators"}
{"timestamp":"2025-11-26T16:41:12.136494","level":"info","event":"Skipping registering function DataSourceManager._bind_asset_factory_method_if_not_present.<locals>._add_asset_factory because it is a closure","logger":"great_expectations._docs_decorators"}
{"timestamp":"2025-11-26T16:41:12.136528","level":"info","event":"Skipping registering function DataSourceManager._bind_asset_factory_method_if_not_present.<locals>._add_asset_factory because it is a closure","logger":"great_expectations._docs_decorators"}
{"timestamp":"2025-11-26T16:41:12.136573","level":"info","event":"Skipping registering function DataSourceManager._bind_asset_factory_method_if_not_present.<locals>._add_asset_factory because it is a closure","logger":"great_expectations._docs_decorators"}
{"timestamp":"2025-11-26T16:41:12.136613","level":"info","event":"Skipping registering function DataSourceManager._bind_asset_factory_method_if_not_present.<locals>._add_asset_factory because it is a closure","logger":"great_expectations._docs_decorators"}
{"timestamp":"2025-11-26T16:41:12.136645","level":"info","event":"Skipping registering function DataSourceManager._bind_asset_factory_method_if_not_present.<locals>._add_asset_factory because it is a closure","logger":"great_expectations._docs_decorators"}
{"timestamp":"2025-11-26T16:41:12.136721","level":"info","event":"Skipping registering function DataSourceManager._bind_asset_factory_method_if_not_present.<locals>._add_asset_factory because it is a closure","logger":"great_expectations._docs_decorators"}
{"timestamp":"2025-11-26T16:41:12.136780","level":"info","event":"Skipping registering function DataSourceManager._bind_asset_factory_method_if_not_present.<locals>._add_asset_factory because it is a closure","logger":"great_expectations._docs_decorators"}
{"timestamp":"2025-11-26T16:41:12.136843","level":"info","event":"Skipping registering function DataSourceManager._bind_asset_factory_method_if_not_present.<locals>._add_asset_factory because it is a closure","logger":"great_expectations._docs_decorators"}
{"timestamp":"2025-11-26T16:41:12.136908","level":"info","event":"Skipping registering function DataSourceManager._bind_asset_factory_method_if_not_present.<locals>._add_asset_factory because it is a closure","logger":"great_expectations._docs_decorators"}
{"timestamp":"2025-11-26T16:41:12.136952","level":"info","event":"Skipping registering function DataSourceManager._bind_asset_factory_method_if_not_present.<locals>._add_asset_factory because it is a closure","logger":"great_expectations._docs_decorators"}
{"timestamp":"2025-11-26T16:41:12.137024","level":"info","event":"Skipping registering function DataSourceManager._bind_asset_factory_method_if_not_present.<locals>._add_asset_factory because it is a closure","logger":"great_expectations._docs_decorators"}
{"timestamp":"2025-11-26T16:41:12.137056","level":"info","event":"Skipping registering function DataSourceManager._register_add_datasource.<locals>.crud_method_info because it is a closure","logger":"great_expectations._docs_decorators"}
{"timestamp":"2025-11-26T16:41:12.137076","level":"info","event":"Skipping registering function DataSourceManager._register_update_datasource.<locals>.crud_method_info because it is a closure","logger":"great_expectations._docs_decorators"}
{"timestamp":"2025-11-26T16:41:12.137104","level":"info","event":"Skipping registering function DataSourceManager._register_add_or_update_datasource.<locals>.crud_method_info because it is a closure","logger":"great_expectations._docs_decorators"}
{"timestamp":"2025-11-26T16:41:12.137124","level":"info","event":"Skipping registering function DataSourceManager._register_delete_datasource.<locals>.crud_method_info because it is a closure","logger":"great_expectations._docs_decorators"}
{"timestamp":"2025-11-26T16:41:12.138730","level":"info","event":"Skipping registering function DataSourceManager._bind_asset_factory_method_if_not_present.<locals>._add_asset_factory because it is a closure","logger":"great_expectations._docs_decorators"}
{"timestamp":"2025-11-26T16:41:12.138785","level":"info","event":"Skipping registering function DataSourceManager._bind_asset_factory_method_if_not_present.<locals>._add_asset_factory because it is a closure","logger":"great_expectations._docs_decorators"}
{"timestamp":"2025-11-26T16:41:12.138838","level":"info","event":"Skipping registering function DataSourceManager._bind_asset_factory_method_if_not_present.<locals>._add_asset_factory because it is a closure","logger":"great_expectations._docs_decorators"}
{"timestamp":"2025-11-26T16:41:12.138872","level":"info","event":"Skipping registering function DataSourceManager._bind_asset_factory_method_if_not_present.<locals>._add_asset_factory because it is a closure","logger":"great_expectations._docs_decorators"}
{"timestamp":"2025-11-26T16:41:12.138903","level":"info","event":"Skipping registering function DataSourceManager._bind_asset_factory_method_if_not_present.<locals>._add_asset_factory because it is a closure","logger":"great_expectations._docs_decorators"}
{"timestamp":"2025-11-26T16:41:12.138932","level":"info","event":"Skipping registering function DataSourceManager._bind_asset_factory_method_if_not_present.<locals>._add_asset_factory because it is a closure","logger":"great_expectations._docs_decorators"}
{"timestamp":"2025-11-26T16:41:12.138967","level":"info","event":"Skipping registering function DataSourceManager._bind_asset_factory_method_if_not_present.<locals>._add_asset_factory because it is a closure","logger":"great_expectations._docs_decorators"}
{"timestamp":"2025-11-26T16:41:12.139000","level":"info","event":"Skipping registering function DataSourceManager._bind_asset_factory_method_if_not_present.<locals>._add_asset_factory because it is a closure","logger":"great_expectations._docs_decorators"}
{"timestamp":"2025-11-26T16:41:12.139029","level":"info","event":"Skipping registering function DataSourceManager._bind_asset_factory_method_if_not_present.<locals>._add_asset_factory because it is a closure","logger":"great_expectations._docs_decorators"}
{"timestamp":"2025-11-26T16:41:12.139059","level":"info","event":"Skipping registering function DataSourceManager._bind_asset_factory_method_if_not_present.<locals>._add_asset_factory because it is a closure","logger":"great_expectations._docs_decorators"}
{"timestamp":"2025-11-26T16:41:12.139087","level":"info","event":"Skipping registering function DataSourceManager._bind_asset_factory_method_if_not_present.<locals>._add_asset_factory because it is a closure","logger":"great_expectations._docs_decorators"}
{"timestamp":"2025-11-26T16:41:12.139114","level":"info","event":"Skipping registering function DataSourceManager._bind_asset_factory_method_if_not_present.<locals>._add_asset_factory because it is a closure","logger":"great_expectations._docs_decorators"}
{"timestamp":"2025-11-26T16:41:12.139132","level":"info","event":"Skipping registering function DataSourceManager._register_add_datasource.<locals>.crud_method_info because it is a closure","logger":"great_expectations._docs_decorators"}
{"timestamp":"2025-11-26T16:41:12.139149","level":"info","event":"Skipping registering function DataSourceManager._register_update_datasource.<locals>.crud_method_info because it is a closure","logger":"great_expectations._docs_decorators"}
{"timestamp":"2025-11-26T16:41:12.139164","level":"info","event":"Skipping registering function DataSourceManager._register_add_or_update_datasource.<locals>.crud_method_info because it is a closure","logger":"great_expectations._docs_decorators"}
{"timestamp":"2025-11-26T16:41:12.139179","level":"info","event":"Skipping registering function DataSourceManager._register_delete_datasource.<locals>.crud_method_info because it is a closure","logger":"great_expectations._docs_decorators"}
{"timestamp":"2025-11-26T16:41:12.140732","level":"info","event":"Skipping registering function DataSourceManager._bind_asset_factory_method_if_not_present.<locals>._add_asset_factory because it is a closure","logger":"great_expectations._docs_decorators"}
{"timestamp":"2025-11-26T16:41:12.140778","level":"info","event":"Skipping registering function DataSourceManager._bind_asset_factory_method_if_not_present.<locals>._add_asset_factory because it is a closure","logger":"great_expectations._docs_decorators"}
{"timestamp":"2025-11-26T16:41:12.140810","level":"info","event":"Skipping registering function DataSourceManager._bind_asset_factory_method_if_not_present.<locals>._add_asset_factory because it is a closure","logger":"great_expectations._docs_decorators"}
{"timestamp":"2025-11-26T16:41:12.140841","level":"info","event":"Skipping registering function DataSourceManager._bind_asset_factory_method_if_not_present.<locals>._add_asset_factory because it is a closure","logger":"great_expectations._docs_decorators"}
{"timestamp":"2025-11-26T16:41:12.140876","level":"info","event":"Skipping registering function DataSourceManager._bind_asset_factory_method_if_not_present.<locals>._add_asset_factory because it is a closure","logger":"great_expectations._docs_decorators"}
{"timestamp":"2025-11-26T16:41:12.140907","level":"info","event":"Skipping registering function DataSourceManager._bind_asset_factory_method_if_not_present.<locals>._add_asset_factory because it is a closure","logger":"great_expectations._docs_decorators"}
{"timestamp":"2025-11-26T16:41:12.140940","level":"info","event":"Skipping registering function DataSourceManager._bind_asset_factory_method_if_not_present.<locals>._add_asset_factory because it is a closure","logger":"great_expectations._docs_decorators"}
{"timestamp":"2025-11-26T16:41:12.140986","level":"info","event":"Skipping registering function DataSourceManager._bind_asset_factory_method_if_not_present.<locals>._add_asset_factory because it is a closure","logger":"great_expectations._docs_decorators"}
{"timestamp":"2025-11-26T16:41:12.141018","level":"info","event":"Skipping registering function DataSourceManager._bind_asset_factory_method_if_not_present.<locals>._add_asset_factory because it is a closure","logger":"great_expectations._docs_decorators"}
{"timestamp":"2025-11-26T16:41:12.141046","level":"info","event":"Skipping registering function DataSourceManager._bind_asset_factory_method_if_not_present.<locals>._add_asset_factory because it is a closure","logger":"great_expectations._docs_decorators"}
{"timestamp":"2025-11-26T16:41:12.141073","level":"info","event":"Skipping registering function DataSourceManager._bind_asset_factory_method_if_not_present.<locals>._add_asset_factory because it is a closure","logger":"great_expectations._docs_decorators"}
{"timestamp":"2025-11-26T16:41:12.141101","level":"info","event":"Skipping registering function DataSourceManager._bind_asset_factory_method_if_not_present.<locals>._add_asset_factory because it is a closure","logger":"great_expectations._docs_decorators"}
{"timestamp":"2025-11-26T16:41:12.141119","level":"info","event":"Skipping registering function DataSourceManager._register_add_datasource.<locals>.crud_method_info because it is a closure","logger":"great_expectations._docs_decorators"}
{"timestamp":"2025-11-26T16:41:12.141136","level":"info","event":"Skipping registering function DataSourceManager._register_update_datasource.<locals>.crud_method_info because it is a closure","logger":"great_expectations._docs_decorators"}
{"timestamp":"2025-11-26T16:41:12.141151","level":"info","event":"Skipping registering function DataSourceManager._register_add_or_update_datasource.<locals>.crud_method_info because it is a closure","logger":"great_expectations._docs_decorators"}
{"timestamp":"2025-11-26T16:41:12.141176","level":"info","event":"Skipping registering function DataSourceManager._register_delete_datasource.<locals>.crud_method_info because it is a closure","logger":"great_expectations._docs_decorators"}
{"timestamp":"2025-11-26T16:41:12.143817","level":"info","event":"Skipping registering function DataSourceManager._register_add_datasource.<locals>.crud_method_info because it is a closure","logger":"great_expectations._docs_decorators"}
{"timestamp":"2025-11-26T16:41:12.143854","level":"info","event":"Skipping registering function DataSourceManager._register_update_datasource.<locals>.crud_method_info because it is a closure","logger":"great_expectations._docs_decorators"}
{"timestamp":"2025-11-26T16:41:12.143876","level":"info","event":"Skipping registering function DataSourceManager._register_add_or_update_datasource.<locals>.crud_method_info because it is a closure","logger":"great_expectations._docs_decorators"}
{"timestamp":"2025-11-26T16:41:12.143907","level":"info","event":"Skipping registering function DataSourceManager._register_delete_datasource.<locals>.crud_method_info because it is a closure","logger":"great_expectations._docs_decorators"}
{"timestamp":"2025-11-26T16:41:12.146907","level":"info","event":"Skipping registering function DataSourceManager._register_add_datasource.<locals>.crud_method_info because it is a closure","logger":"great_expectations._docs_decorators"}
{"timestamp":"2025-11-26T16:41:12.146945","level":"info","event":"Skipping registering function DataSourceManager._register_update_datasource.<locals>.crud_method_info because it is a closure","logger":"great_expectations._docs_decorators"}
{"timestamp":"2025-11-26T16:41:12.146967","level":"info","event":"Skipping registering function DataSourceManager._register_add_or_update_datasource.<locals>.crud_method_info because it is a closure","logger":"great_expectations._docs_decorators"}
{"timestamp":"2025-11-26T16:41:12.146987","level":"info","event":"Skipping registering function DataSourceManager._register_delete_datasource.<locals>.crud_method_info because it is a closure","logger":"great_expectations._docs_decorators"}
{"timestamp":"2025-11-26T16:41:12.149254","level":"info","event":"Skipping registering function DataSourceManager._register_add_datasource.<locals>.crud_method_info because it is a closure","logger":"great_expectations._docs_decorators"}
{"timestamp":"2025-11-26T16:41:12.149282","level":"info","event":"Skipping registering function DataSourceManager._register_update_datasource.<locals>.crud_method_info because it is a closure","logger":"great_expectations._docs_decorators"}
{"timestamp":"2025-11-26T16:41:12.149301","level":"info","event":"Skipping registering function DataSourceManager._register_add_or_update_datasource.<locals>.crud_method_info because it is a closure","logger":"great_expectations._docs_decorators"}
{"timestamp":"2025-11-26T16:41:12.149318","level":"info","event":"Skipping registering function DataSourceManager._register_delete_datasource.<locals>.crud_method_info because it is a closure","logger":"great_expectations._docs_decorators"}
{"timestamp":"2025-11-26T16:41:12.244394","level":"info","event":"Initializing DuckDB connection...","logger":"unusual_prefix_28365361c002a56757521d7aa9bbffbe356a9abc_sales_etl_pipeline"}
{"timestamp":"2025-11-26T16:41:12.247661","level":"info","event":"Configuring DuckDB for S3/MinIO access...","logger":"unusual_prefix_28365361c002a56757521d7aa9bbffbe356a9abc_sales_etl_pipeline"}
{"timestamp":"2025-11-26T16:41:12.288235","level":"info","event":"Querying and transforming data from s3://airflow-data/sales_data.csv...","logger":"unusual_prefix_28365361c002a56757521d7aa9bbffbe356a9abc_sales_etl_pipeline"}
{"timestamp":"2025-11-26T16:41:12.314350","level":"info","event":"Transformed 337 rows (shape: (337, 9))","logger":"unusual_prefix_28365361c002a56757521d7aa9bbffbe356a9abc_sales_etl_pipeline"}
{"timestamp":"2025-11-26T16:41:12.314487","level":"info","event":"Loading data into Postgres table 'sales_data'...","logger":"unusual_prefix_28365361c002a56757521d7aa9bbffbe356a9abc_sales_etl_pipeline"}
{"timestamp":"2025-11-26T16:41:12.449822","level":"warning","event":"empty cryptography key - values will not be stored encrypted.","logger":"airflow.models.crypto"}
{"timestamp":"2025-11-26T16:41:12.450085","level":"info","event":"Connection Retrieved 'postgres_default'","logger":"airflow.hooks.base"}
{"timestamp":"2025-11-26T16:41:12.450309","level":"error","event":"Failed to load data to Postgres: Using URI string without sqlalchemy installed.","logger":"unusual_prefix_28365361c002a56757521d7aa9bbffbe356a9abc_sales_etl_pipeline","error_detail":[{"exc_type":"ImportError","exc_value":"Using URI string without sqlalchemy installed.","exc_notes":[],"syntax_error":null,"is_cause":false,"frames":[{"filename":"/opt/airflow/dags/sales_etl_pipeline.py","lineno":325,"name":"load_to_postgres"},{"filename":"/home/airflow/.local/lib/python3.12/site-packages/pandas/util/_decorators.py","lineno":333,"name":"wrapper"},{"filename":"/home/airflow/.local/lib/python3.12/site-packages/pandas/core/generic.py","lineno":3087,"name":"to_sql"},{"filename":"/home/airflow/.local/lib/python3.12/site-packages/pandas/io/sql.py","lineno":841,"name":"to_sql"},{"filename":"/home/airflow/.local/lib/python3.12/site-packages/pandas/io/sql.py","lineno":903,"name":"pandasSQL_builder"}],"is_group":false,"exceptions":[]}]}
{"timestamp":"2025-11-26T16:41:12.451370","level":"error","event":"Task failed with exception","logger":"task","error_detail":[{"exc_type":"AirflowException","exc_value":"Data loading failed: Using URI string without sqlalchemy installed.","exc_notes":[],"syntax_error":null,"is_cause":false,"frames":[{"filename":"/home/airflow/.local/lib/python3.12/site-packages/airflow/sdk/execution_time/task_runner.py","lineno":877,"name":"run"},{"filename":"/home/airflow/.local/lib/python3.12/site-packages/airflow/sdk/execution_time/task_runner.py","lineno":1164,"name":"_execute_task"},{"filename":"/home/airflow/.local/lib/python3.12/site-packages/airflow/sdk/bases/operator.py","lineno":397,"name":"wrapper"},{"filename":"/home/airflow/.local/lib/python3.12/site-packages/airflow/sdk/bases/decorator.py","lineno":251,"name":"execute"},{"filename":"/home/airflow/.local/lib/python3.12/site-packages/airflow/sdk/bases/operator.py","lineno":397,"name":"wrapper"},{"filename":"/home/airflow/.local/lib/python3.12/site-packages/airflow/providers/standard/operators/python.py","lineno":217,"name":"execute"},{"filename":"/home/airflow/.local/lib/python3.12/site-packages/airflow/providers/standard/operators/python.py","lineno":240,"name":"execute_callable"},{"filename":"/home/airflow/.local/lib/python3.12/site-packages/airflow/sdk/execution_time/callback_runner.py","lineno":81,"name":"run"},{"filename":"/opt/airflow/dags/sales_etl_pipeline.py","lineno":344,"name":"load_to_postgres"}],"is_group":false,"exceptions":[]},{"exc_type":"ImportError","exc_value":"Using URI string without sqlalchemy installed.","exc_notes":[],"syntax_error":null,"is_cause":false,"frames":[{"filename":"/opt/airflow/dags/sales_etl_pipeline.py","lineno":325,"name":"load_to_postgres"},{"filename":"/home/airflow/.local/lib/python3.12/site-packages/pandas/util/_decorators.py","lineno":333,"name":"wrapper"},{"filename":"/home/airflow/.local/lib/python3.12/site-packages/pandas/core/generic.py","lineno":3087,"name":"to_sql"},{"filename":"/home/airflow/.local/lib/python3.12/site-packages/pandas/io/sql.py","lineno":841,"name":"to_sql"},{"filename":"/home/airflow/.local/lib/python3.12/site-packages/pandas/io/sql.py","lineno":903,"name":"pandasSQL_builder"}],"is_group":false,"exceptions":[]}]}
{"timestamp":"2025-11-26T16:41:13.172675","level":"info","event":"Email sent successfully: {'id': '0984a862-b435-418e-8303-50f2c0e03bf3'}","logger":"unusual_prefix_28365361c002a56757521d7aa9bbffbe356a9abc_sales_etl_pipeline"}
