{"timestamp":"2025-11-26T16:24:41.929539","level":"info","event":"DAG bundles loaded: dags-folder","logger":"airflow.dag_processing.bundles.manager.DagBundlesManager"}
{"timestamp":"2025-11-26T16:24:41.929799","level":"info","event":"Filling up the DagBag from /opt/airflow/dags/sales_etl_pipeline.py","logger":"airflow.models.dagbag.DagBag"}
{"timestamp":"2025-11-26T16:24:42.332208","level":"info","event":"Skipping registering function get_context because it does not have a class","logger":"great_expectations._docs_decorators"}
{"timestamp":"2025-11-26T16:24:42.980493","level":"info","event":"Skipping registering function DataSourceManager._register_add_datasource.<locals>.crud_method_info because it is a closure","logger":"great_expectations._docs_decorators"}
{"timestamp":"2025-11-26T16:24:42.980553","level":"info","event":"Skipping registering function DataSourceManager._register_update_datasource.<locals>.crud_method_info because it is a closure","logger":"great_expectations._docs_decorators"}
{"timestamp":"2025-11-26T16:24:42.980595","level":"info","event":"Skipping registering function DataSourceManager._register_add_or_update_datasource.<locals>.crud_method_info because it is a closure","logger":"great_expectations._docs_decorators"}
{"timestamp":"2025-11-26T16:24:42.980620","level":"info","event":"Skipping registering function DataSourceManager._register_delete_datasource.<locals>.crud_method_info because it is a closure","logger":"great_expectations._docs_decorators"}
{"timestamp":"2025-11-26T16:24:43.044176","level":"info","event":"Skipping registering function DataSourceManager._bind_asset_factory_method_if_not_present.<locals>._add_asset_factory because it is a closure","logger":"great_expectations._docs_decorators"}
{"timestamp":"2025-11-26T16:24:43.044511","level":"info","event":"Skipping registering function DataSourceManager._bind_asset_factory_method_if_not_present.<locals>._add_asset_factory because it is a closure","logger":"great_expectations._docs_decorators"}
{"timestamp":"2025-11-26T16:24:43.044646","level":"info","event":"Skipping registering function DataSourceManager._bind_asset_factory_method_if_not_present.<locals>._add_asset_factory because it is a closure","logger":"great_expectations._docs_decorators"}
{"timestamp":"2025-11-26T16:24:43.044727","level":"info","event":"Skipping registering function DataSourceManager._bind_asset_factory_method_if_not_present.<locals>._add_asset_factory because it is a closure","logger":"great_expectations._docs_decorators"}
{"timestamp":"2025-11-26T16:24:43.044777","level":"info","event":"Skipping registering function DataSourceManager._bind_asset_factory_method_if_not_present.<locals>._add_asset_factory because it is a closure","logger":"great_expectations._docs_decorators"}
{"timestamp":"2025-11-26T16:24:43.044832","level":"info","event":"Skipping registering function DataSourceManager._bind_asset_factory_method_if_not_present.<locals>._add_asset_factory because it is a closure","logger":"great_expectations._docs_decorators"}
{"timestamp":"2025-11-26T16:24:43.044891","level":"info","event":"Skipping registering function DataSourceManager._bind_asset_factory_method_if_not_present.<locals>._add_asset_factory because it is a closure","logger":"great_expectations._docs_decorators"}
{"timestamp":"2025-11-26T16:24:43.045154","level":"info","event":"Skipping registering function DataSourceManager._bind_asset_factory_method_if_not_present.<locals>._add_asset_factory because it is a closure","logger":"great_expectations._docs_decorators"}
{"timestamp":"2025-11-26T16:24:43.045271","level":"info","event":"Skipping registering function DataSourceManager._bind_asset_factory_method_if_not_present.<locals>._add_asset_factory because it is a closure","logger":"great_expectations._docs_decorators"}
{"timestamp":"2025-11-26T16:24:43.045371","level":"info","event":"Skipping registering function DataSourceManager._bind_asset_factory_method_if_not_present.<locals>._add_asset_factory because it is a closure","logger":"great_expectations._docs_decorators"}
{"timestamp":"2025-11-26T16:24:43.045459","level":"info","event":"Skipping registering function DataSourceManager._bind_asset_factory_method_if_not_present.<locals>._add_asset_factory because it is a closure","logger":"great_expectations._docs_decorators"}
{"timestamp":"2025-11-26T16:24:43.045849","level":"info","event":"Skipping registering function DataSourceManager._bind_asset_factory_method_if_not_present.<locals>._add_asset_factory because it is a closure","logger":"great_expectations._docs_decorators"}
{"timestamp":"2025-11-26T16:24:43.045980","level":"info","event":"Skipping registering function DataSourceManager._bind_asset_factory_method_if_not_present.<locals>._add_asset_factory because it is a closure","logger":"great_expectations._docs_decorators"}
{"timestamp":"2025-11-26T16:24:43.046202","level":"info","event":"Skipping registering function DataSourceManager._bind_asset_factory_method_if_not_present.<locals>._add_asset_factory because it is a closure","logger":"great_expectations._docs_decorators"}
{"timestamp":"2025-11-26T16:24:43.046267","level":"info","event":"Skipping registering function DataSourceManager._register_add_datasource.<locals>.crud_method_info because it is a closure","logger":"great_expectations._docs_decorators"}
{"timestamp":"2025-11-26T16:24:43.046300","level":"info","event":"Skipping registering function DataSourceManager._register_update_datasource.<locals>.crud_method_info because it is a closure","logger":"great_expectations._docs_decorators"}
{"timestamp":"2025-11-26T16:24:43.046322","level":"info","event":"Skipping registering function DataSourceManager._register_add_or_update_datasource.<locals>.crud_method_info because it is a closure","logger":"great_expectations._docs_decorators"}
{"timestamp":"2025-11-26T16:24:43.046370","level":"info","event":"Skipping registering function DataSourceManager._register_delete_datasource.<locals>.crud_method_info because it is a closure","logger":"great_expectations._docs_decorators"}
{"timestamp":"2025-11-26T16:24:43.048162","level":"info","event":"Skipping registering function DataSourceManager._register_add_datasource.<locals>.crud_method_info because it is a closure","logger":"great_expectations._docs_decorators"}
{"timestamp":"2025-11-26T16:24:43.048215","level":"info","event":"Skipping registering function DataSourceManager._register_update_datasource.<locals>.crud_method_info because it is a closure","logger":"great_expectations._docs_decorators"}
{"timestamp":"2025-11-26T16:24:43.048238","level":"info","event":"Skipping registering function DataSourceManager._register_add_or_update_datasource.<locals>.crud_method_info because it is a closure","logger":"great_expectations._docs_decorators"}
{"timestamp":"2025-11-26T16:24:43.048257","level":"info","event":"Skipping registering function DataSourceManager._register_delete_datasource.<locals>.crud_method_info because it is a closure","logger":"great_expectations._docs_decorators"}
{"timestamp":"2025-11-26T16:24:43.050143","level":"info","event":"Skipping registering function DataSourceManager._bind_asset_factory_method_if_not_present.<locals>._add_asset_factory because it is a closure","logger":"great_expectations._docs_decorators"}
{"timestamp":"2025-11-26T16:24:43.050248","level":"info","event":"Skipping registering function DataSourceManager._bind_asset_factory_method_if_not_present.<locals>._add_asset_factory because it is a closure","logger":"great_expectations._docs_decorators"}
{"timestamp":"2025-11-26T16:24:43.050300","level":"info","event":"Skipping registering function DataSourceManager._bind_asset_factory_method_if_not_present.<locals>._add_asset_factory because it is a closure","logger":"great_expectations._docs_decorators"}
{"timestamp":"2025-11-26T16:24:43.050339","level":"info","event":"Skipping registering function DataSourceManager._bind_asset_factory_method_if_not_present.<locals>._add_asset_factory because it is a closure","logger":"great_expectations._docs_decorators"}
{"timestamp":"2025-11-26T16:24:43.050377","level":"info","event":"Skipping registering function DataSourceManager._bind_asset_factory_method_if_not_present.<locals>._add_asset_factory because it is a closure","logger":"great_expectations._docs_decorators"}
{"timestamp":"2025-11-26T16:24:43.050442","level":"info","event":"Skipping registering function DataSourceManager._bind_asset_factory_method_if_not_present.<locals>._add_asset_factory because it is a closure","logger":"great_expectations._docs_decorators"}
{"timestamp":"2025-11-26T16:24:43.050548","level":"info","event":"Skipping registering function DataSourceManager._bind_asset_factory_method_if_not_present.<locals>._add_asset_factory because it is a closure","logger":"great_expectations._docs_decorators"}
{"timestamp":"2025-11-26T16:24:43.051226","level":"info","event":"Skipping registering function DataSourceManager._bind_asset_factory_method_if_not_present.<locals>._add_asset_factory because it is a closure","logger":"great_expectations._docs_decorators"}
{"timestamp":"2025-11-26T16:24:43.051717","level":"info","event":"Skipping registering function DataSourceManager._bind_asset_factory_method_if_not_present.<locals>._add_asset_factory because it is a closure","logger":"great_expectations._docs_decorators"}
{"timestamp":"2025-11-26T16:24:43.051801","level":"info","event":"Skipping registering function DataSourceManager._bind_asset_factory_method_if_not_present.<locals>._add_asset_factory because it is a closure","logger":"great_expectations._docs_decorators"}
{"timestamp":"2025-11-26T16:24:43.051868","level":"info","event":"Skipping registering function DataSourceManager._bind_asset_factory_method_if_not_present.<locals>._add_asset_factory because it is a closure","logger":"great_expectations._docs_decorators"}
{"timestamp":"2025-11-26T16:24:43.051916","level":"info","event":"Skipping registering function DataSourceManager._bind_asset_factory_method_if_not_present.<locals>._add_asset_factory because it is a closure","logger":"great_expectations._docs_decorators"}
{"timestamp":"2025-11-26T16:24:43.051960","level":"info","event":"Skipping registering function DataSourceManager._bind_asset_factory_method_if_not_present.<locals>._add_asset_factory because it is a closure","logger":"great_expectations._docs_decorators"}
{"timestamp":"2025-11-26T16:24:43.052005","level":"info","event":"Skipping registering function DataSourceManager._bind_asset_factory_method_if_not_present.<locals>._add_asset_factory because it is a closure","logger":"great_expectations._docs_decorators"}
{"timestamp":"2025-11-26T16:24:43.052046","level":"info","event":"Skipping registering function DataSourceManager._register_add_datasource.<locals>.crud_method_info because it is a closure","logger":"great_expectations._docs_decorators"}
{"timestamp":"2025-11-26T16:24:43.052088","level":"info","event":"Skipping registering function DataSourceManager._register_update_datasource.<locals>.crud_method_info because it is a closure","logger":"great_expectations._docs_decorators"}
{"timestamp":"2025-11-26T16:24:43.052109","level":"info","event":"Skipping registering function DataSourceManager._register_add_or_update_datasource.<locals>.crud_method_info because it is a closure","logger":"great_expectations._docs_decorators"}
{"timestamp":"2025-11-26T16:24:43.052128","level":"info","event":"Skipping registering function DataSourceManager._register_delete_datasource.<locals>.crud_method_info because it is a closure","logger":"great_expectations._docs_decorators"}
{"timestamp":"2025-11-26T16:24:43.054357","level":"info","event":"Skipping registering function DataSourceManager._bind_asset_factory_method_if_not_present.<locals>._add_asset_factory because it is a closure","logger":"great_expectations._docs_decorators"}
{"timestamp":"2025-11-26T16:24:43.054462","level":"info","event":"Skipping registering function DataSourceManager._bind_asset_factory_method_if_not_present.<locals>._add_asset_factory because it is a closure","logger":"great_expectations._docs_decorators"}
{"timestamp":"2025-11-26T16:24:43.054552","level":"info","event":"Skipping registering function DataSourceManager._bind_asset_factory_method_if_not_present.<locals>._add_asset_factory because it is a closure","logger":"great_expectations._docs_decorators"}
{"timestamp":"2025-11-26T16:24:43.054650","level":"info","event":"Skipping registering function DataSourceManager._bind_asset_factory_method_if_not_present.<locals>._add_asset_factory because it is a closure","logger":"great_expectations._docs_decorators"}
{"timestamp":"2025-11-26T16:24:43.054759","level":"info","event":"Skipping registering function DataSourceManager._bind_asset_factory_method_if_not_present.<locals>._add_asset_factory because it is a closure","logger":"great_expectations._docs_decorators"}
{"timestamp":"2025-11-26T16:24:43.054821","level":"info","event":"Skipping registering function DataSourceManager._bind_asset_factory_method_if_not_present.<locals>._add_asset_factory because it is a closure","logger":"great_expectations._docs_decorators"}
{"timestamp":"2025-11-26T16:24:43.054868","level":"info","event":"Skipping registering function DataSourceManager._bind_asset_factory_method_if_not_present.<locals>._add_asset_factory because it is a closure","logger":"great_expectations._docs_decorators"}
{"timestamp":"2025-11-26T16:24:43.054940","level":"info","event":"Skipping registering function DataSourceManager._bind_asset_factory_method_if_not_present.<locals>._add_asset_factory because it is a closure","logger":"great_expectations._docs_decorators"}
{"timestamp":"2025-11-26T16:24:43.055016","level":"info","event":"Skipping registering function DataSourceManager._bind_asset_factory_method_if_not_present.<locals>._add_asset_factory because it is a closure","logger":"great_expectations._docs_decorators"}
{"timestamp":"2025-11-26T16:24:43.055067","level":"info","event":"Skipping registering function DataSourceManager._bind_asset_factory_method_if_not_present.<locals>._add_asset_factory because it is a closure","logger":"great_expectations._docs_decorators"}
{"timestamp":"2025-11-26T16:24:43.055133","level":"info","event":"Skipping registering function DataSourceManager._bind_asset_factory_method_if_not_present.<locals>._add_asset_factory because it is a closure","logger":"great_expectations._docs_decorators"}
{"timestamp":"2025-11-26T16:24:43.055189","level":"info","event":"Skipping registering function DataSourceManager._bind_asset_factory_method_if_not_present.<locals>._add_asset_factory because it is a closure","logger":"great_expectations._docs_decorators"}
{"timestamp":"2025-11-26T16:24:43.055252","level":"info","event":"Skipping registering function DataSourceManager._bind_asset_factory_method_if_not_present.<locals>._add_asset_factory because it is a closure","logger":"great_expectations._docs_decorators"}
{"timestamp":"2025-11-26T16:24:43.055335","level":"info","event":"Skipping registering function DataSourceManager._bind_asset_factory_method_if_not_present.<locals>._add_asset_factory because it is a closure","logger":"great_expectations._docs_decorators"}
{"timestamp":"2025-11-26T16:24:43.055385","level":"info","event":"Skipping registering function DataSourceManager._register_add_datasource.<locals>.crud_method_info because it is a closure","logger":"great_expectations._docs_decorators"}
{"timestamp":"2025-11-26T16:24:43.055430","level":"info","event":"Skipping registering function DataSourceManager._register_update_datasource.<locals>.crud_method_info because it is a closure","logger":"great_expectations._docs_decorators"}
{"timestamp":"2025-11-26T16:24:43.055494","level":"info","event":"Skipping registering function DataSourceManager._register_add_or_update_datasource.<locals>.crud_method_info because it is a closure","logger":"great_expectations._docs_decorators"}
{"timestamp":"2025-11-26T16:24:43.055626","level":"info","event":"Skipping registering function DataSourceManager._register_delete_datasource.<locals>.crud_method_info because it is a closure","logger":"great_expectations._docs_decorators"}
{"timestamp":"2025-11-26T16:24:43.058918","level":"info","event":"Skipping registering function DataSourceManager._bind_asset_factory_method_if_not_present.<locals>._add_asset_factory because it is a closure","logger":"great_expectations._docs_decorators"}
{"timestamp":"2025-11-26T16:24:43.059103","level":"info","event":"Skipping registering function DataSourceManager._bind_asset_factory_method_if_not_present.<locals>._add_asset_factory because it is a closure","logger":"great_expectations._docs_decorators"}
{"timestamp":"2025-11-26T16:24:43.059179","level":"info","event":"Skipping registering function DataSourceManager._bind_asset_factory_method_if_not_present.<locals>._add_asset_factory because it is a closure","logger":"great_expectations._docs_decorators"}
{"timestamp":"2025-11-26T16:24:43.059227","level":"info","event":"Skipping registering function DataSourceManager._bind_asset_factory_method_if_not_present.<locals>._add_asset_factory because it is a closure","logger":"great_expectations._docs_decorators"}
{"timestamp":"2025-11-26T16:24:43.059268","level":"info","event":"Skipping registering function DataSourceManager._bind_asset_factory_method_if_not_present.<locals>._add_asset_factory because it is a closure","logger":"great_expectations._docs_decorators"}
{"timestamp":"2025-11-26T16:24:43.059308","level":"info","event":"Skipping registering function DataSourceManager._bind_asset_factory_method_if_not_present.<locals>._add_asset_factory because it is a closure","logger":"great_expectations._docs_decorators"}
{"timestamp":"2025-11-26T16:24:43.059350","level":"info","event":"Skipping registering function DataSourceManager._bind_asset_factory_method_if_not_present.<locals>._add_asset_factory because it is a closure","logger":"great_expectations._docs_decorators"}
{"timestamp":"2025-11-26T16:24:43.059385","level":"info","event":"Skipping registering function DataSourceManager._bind_asset_factory_method_if_not_present.<locals>._add_asset_factory because it is a closure","logger":"great_expectations._docs_decorators"}
{"timestamp":"2025-11-26T16:24:43.059653","level":"info","event":"Skipping registering function DataSourceManager._bind_asset_factory_method_if_not_present.<locals>._add_asset_factory because it is a closure","logger":"great_expectations._docs_decorators"}
{"timestamp":"2025-11-26T16:24:43.059768","level":"info","event":"Skipping registering function DataSourceManager._bind_asset_factory_method_if_not_present.<locals>._add_asset_factory because it is a closure","logger":"great_expectations._docs_decorators"}
{"timestamp":"2025-11-26T16:24:43.059845","level":"info","event":"Skipping registering function DataSourceManager._bind_asset_factory_method_if_not_present.<locals>._add_asset_factory because it is a closure","logger":"great_expectations._docs_decorators"}
{"timestamp":"2025-11-26T16:24:43.059982","level":"info","event":"Skipping registering function DataSourceManager._bind_asset_factory_method_if_not_present.<locals>._add_asset_factory because it is a closure","logger":"great_expectations._docs_decorators"}
{"timestamp":"2025-11-26T16:24:43.060086","level":"info","event":"Skipping registering function DataSourceManager._bind_asset_factory_method_if_not_present.<locals>._add_asset_factory because it is a closure","logger":"great_expectations._docs_decorators"}
{"timestamp":"2025-11-26T16:24:43.060385","level":"info","event":"Skipping registering function DataSourceManager._bind_asset_factory_method_if_not_present.<locals>._add_asset_factory because it is a closure","logger":"great_expectations._docs_decorators"}
{"timestamp":"2025-11-26T16:24:43.060608","level":"info","event":"Skipping registering function DataSourceManager._register_add_datasource.<locals>.crud_method_info because it is a closure","logger":"great_expectations._docs_decorators"}
{"timestamp":"2025-11-26T16:24:43.060700","level":"info","event":"Skipping registering function DataSourceManager._register_update_datasource.<locals>.crud_method_info because it is a closure","logger":"great_expectations._docs_decorators"}
{"timestamp":"2025-11-26T16:24:43.060792","level":"info","event":"Skipping registering function DataSourceManager._register_add_or_update_datasource.<locals>.crud_method_info because it is a closure","logger":"great_expectations._docs_decorators"}
{"timestamp":"2025-11-26T16:24:43.060881","level":"info","event":"Skipping registering function DataSourceManager._register_delete_datasource.<locals>.crud_method_info because it is a closure","logger":"great_expectations._docs_decorators"}
{"timestamp":"2025-11-26T16:24:43.068119","level":"info","event":"Skipping registering function DataSourceManager._register_add_datasource.<locals>.crud_method_info because it is a closure","logger":"great_expectations._docs_decorators"}
{"timestamp":"2025-11-26T16:24:43.068200","level":"info","event":"Skipping registering function DataSourceManager._register_update_datasource.<locals>.crud_method_info because it is a closure","logger":"great_expectations._docs_decorators"}
{"timestamp":"2025-11-26T16:24:43.068245","level":"info","event":"Skipping registering function DataSourceManager._register_add_or_update_datasource.<locals>.crud_method_info because it is a closure","logger":"great_expectations._docs_decorators"}
{"timestamp":"2025-11-26T16:24:43.068282","level":"info","event":"Skipping registering function DataSourceManager._register_delete_datasource.<locals>.crud_method_info because it is a closure","logger":"great_expectations._docs_decorators"}
{"timestamp":"2025-11-26T16:24:43.082604","level":"info","event":"Skipping registering function DataSourceManager._register_add_datasource.<locals>.crud_method_info because it is a closure","logger":"great_expectations._docs_decorators"}
{"timestamp":"2025-11-26T16:24:43.082688","level":"info","event":"Skipping registering function DataSourceManager._register_update_datasource.<locals>.crud_method_info because it is a closure","logger":"great_expectations._docs_decorators"}
{"timestamp":"2025-11-26T16:24:43.082716","level":"info","event":"Skipping registering function DataSourceManager._register_add_or_update_datasource.<locals>.crud_method_info because it is a closure","logger":"great_expectations._docs_decorators"}
{"timestamp":"2025-11-26T16:24:43.082736","level":"info","event":"Skipping registering function DataSourceManager._register_delete_datasource.<locals>.crud_method_info because it is a closure","logger":"great_expectations._docs_decorators"}
{"timestamp":"2025-11-26T16:24:43.085045","level":"info","event":"Skipping registering function DataSourceManager._register_add_datasource.<locals>.crud_method_info because it is a closure","logger":"great_expectations._docs_decorators"}
{"timestamp":"2025-11-26T16:24:43.085109","level":"info","event":"Skipping registering function DataSourceManager._register_update_datasource.<locals>.crud_method_info because it is a closure","logger":"great_expectations._docs_decorators"}
{"timestamp":"2025-11-26T16:24:43.085138","level":"info","event":"Skipping registering function DataSourceManager._register_add_or_update_datasource.<locals>.crud_method_info because it is a closure","logger":"great_expectations._docs_decorators"}
{"timestamp":"2025-11-26T16:24:43.085168","level":"info","event":"Skipping registering function DataSourceManager._register_delete_datasource.<locals>.crud_method_info because it is a closure","logger":"great_expectations._docs_decorators"}
{"timestamp":"2025-11-26T16:24:43.090285","level":"info","event":"Skipping registering function DataSourceManager._register_add_datasource.<locals>.crud_method_info because it is a closure","logger":"great_expectations._docs_decorators"}
{"timestamp":"2025-11-26T16:24:43.090481","level":"info","event":"Skipping registering function DataSourceManager._register_update_datasource.<locals>.crud_method_info because it is a closure","logger":"great_expectations._docs_decorators"}
{"timestamp":"2025-11-26T16:24:43.090559","level":"info","event":"Skipping registering function DataSourceManager._register_add_or_update_datasource.<locals>.crud_method_info because it is a closure","logger":"great_expectations._docs_decorators"}
{"timestamp":"2025-11-26T16:24:43.090647","level":"info","event":"Skipping registering function DataSourceManager._register_delete_datasource.<locals>.crud_method_info because it is a closure","logger":"great_expectations._docs_decorators"}
{"timestamp":"2025-11-26T16:24:43.145605","level":"info","event":"Skipping registering function DataSourceManager._bind_asset_factory_method_if_not_present.<locals>._add_asset_factory because it is a closure","logger":"great_expectations._docs_decorators"}
{"timestamp":"2025-11-26T16:24:43.145774","level":"info","event":"Skipping registering function DataSourceManager._bind_asset_factory_method_if_not_present.<locals>._add_asset_factory because it is a closure","logger":"great_expectations._docs_decorators"}
{"timestamp":"2025-11-26T16:24:43.145882","level":"info","event":"Skipping registering function DataSourceManager._bind_asset_factory_method_if_not_present.<locals>._add_asset_factory because it is a closure","logger":"great_expectations._docs_decorators"}
{"timestamp":"2025-11-26T16:24:43.145947","level":"info","event":"Skipping registering function DataSourceManager._bind_asset_factory_method_if_not_present.<locals>._add_asset_factory because it is a closure","logger":"great_expectations._docs_decorators"}
{"timestamp":"2025-11-26T16:24:43.146001","level":"info","event":"Skipping registering function DataSourceManager._bind_asset_factory_method_if_not_present.<locals>._add_asset_factory because it is a closure","logger":"great_expectations._docs_decorators"}
{"timestamp":"2025-11-26T16:24:43.146062","level":"info","event":"Skipping registering function DataSourceManager._bind_asset_factory_method_if_not_present.<locals>._add_asset_factory because it is a closure","logger":"great_expectations._docs_decorators"}
{"timestamp":"2025-11-26T16:24:43.146137","level":"info","event":"Skipping registering function DataSourceManager._bind_asset_factory_method_if_not_present.<locals>._add_asset_factory because it is a closure","logger":"great_expectations._docs_decorators"}
{"timestamp":"2025-11-26T16:24:43.146199","level":"info","event":"Skipping registering function DataSourceManager._bind_asset_factory_method_if_not_present.<locals>._add_asset_factory because it is a closure","logger":"great_expectations._docs_decorators"}
{"timestamp":"2025-11-26T16:24:43.146247","level":"info","event":"Skipping registering function DataSourceManager._bind_asset_factory_method_if_not_present.<locals>._add_asset_factory because it is a closure","logger":"great_expectations._docs_decorators"}
{"timestamp":"2025-11-26T16:24:43.146285","level":"info","event":"Skipping registering function DataSourceManager._bind_asset_factory_method_if_not_present.<locals>._add_asset_factory because it is a closure","logger":"great_expectations._docs_decorators"}
{"timestamp":"2025-11-26T16:24:43.146335","level":"info","event":"Skipping registering function DataSourceManager._bind_asset_factory_method_if_not_present.<locals>._add_asset_factory because it is a closure","logger":"great_expectations._docs_decorators"}
{"timestamp":"2025-11-26T16:24:43.146390","level":"info","event":"Skipping registering function DataSourceManager._bind_asset_factory_method_if_not_present.<locals>._add_asset_factory because it is a closure","logger":"great_expectations._docs_decorators"}
{"timestamp":"2025-11-26T16:24:43.146431","level":"info","event":"Skipping registering function DataSourceManager._register_add_datasource.<locals>.crud_method_info because it is a closure","logger":"great_expectations._docs_decorators"}
{"timestamp":"2025-11-26T16:24:43.146470","level":"info","event":"Skipping registering function DataSourceManager._register_update_datasource.<locals>.crud_method_info because it is a closure","logger":"great_expectations._docs_decorators"}
{"timestamp":"2025-11-26T16:24:43.146505","level":"info","event":"Skipping registering function DataSourceManager._register_add_or_update_datasource.<locals>.crud_method_info because it is a closure","logger":"great_expectations._docs_decorators"}
{"timestamp":"2025-11-26T16:24:43.146540","level":"info","event":"Skipping registering function DataSourceManager._register_delete_datasource.<locals>.crud_method_info because it is a closure","logger":"great_expectations._docs_decorators"}
{"timestamp":"2025-11-26T16:24:43.148605","level":"info","event":"Skipping registering function DataSourceManager._register_add_datasource.<locals>.crud_method_info because it is a closure","logger":"great_expectations._docs_decorators"}
{"timestamp":"2025-11-26T16:24:43.148654","level":"info","event":"Skipping registering function DataSourceManager._register_update_datasource.<locals>.crud_method_info because it is a closure","logger":"great_expectations._docs_decorators"}
{"timestamp":"2025-11-26T16:24:43.148750","level":"info","event":"Skipping registering function DataSourceManager._register_add_or_update_datasource.<locals>.crud_method_info because it is a closure","logger":"great_expectations._docs_decorators"}
{"timestamp":"2025-11-26T16:24:43.148792","level":"info","event":"Skipping registering function DataSourceManager._register_delete_datasource.<locals>.crud_method_info because it is a closure","logger":"great_expectations._docs_decorators"}
{"timestamp":"2025-11-26T16:24:43.151155","level":"info","event":"Skipping registering function DataSourceManager._bind_asset_factory_method_if_not_present.<locals>._add_asset_factory because it is a closure","logger":"great_expectations._docs_decorators"}
{"timestamp":"2025-11-26T16:24:43.151236","level":"info","event":"Skipping registering function DataSourceManager._bind_asset_factory_method_if_not_present.<locals>._add_asset_factory because it is a closure","logger":"great_expectations._docs_decorators"}
{"timestamp":"2025-11-26T16:24:43.151295","level":"info","event":"Skipping registering function DataSourceManager._bind_asset_factory_method_if_not_present.<locals>._add_asset_factory because it is a closure","logger":"great_expectations._docs_decorators"}
{"timestamp":"2025-11-26T16:24:43.151347","level":"info","event":"Skipping registering function DataSourceManager._bind_asset_factory_method_if_not_present.<locals>._add_asset_factory because it is a closure","logger":"great_expectations._docs_decorators"}
{"timestamp":"2025-11-26T16:24:43.151399","level":"info","event":"Skipping registering function DataSourceManager._bind_asset_factory_method_if_not_present.<locals>._add_asset_factory because it is a closure","logger":"great_expectations._docs_decorators"}
{"timestamp":"2025-11-26T16:24:43.151452","level":"info","event":"Skipping registering function DataSourceManager._bind_asset_factory_method_if_not_present.<locals>._add_asset_factory because it is a closure","logger":"great_expectations._docs_decorators"}
{"timestamp":"2025-11-26T16:24:43.151498","level":"info","event":"Skipping registering function DataSourceManager._bind_asset_factory_method_if_not_present.<locals>._add_asset_factory because it is a closure","logger":"great_expectations._docs_decorators"}
{"timestamp":"2025-11-26T16:24:43.151549","level":"info","event":"Skipping registering function DataSourceManager._bind_asset_factory_method_if_not_present.<locals>._add_asset_factory because it is a closure","logger":"great_expectations._docs_decorators"}
{"timestamp":"2025-11-26T16:24:43.151607","level":"info","event":"Skipping registering function DataSourceManager._bind_asset_factory_method_if_not_present.<locals>._add_asset_factory because it is a closure","logger":"great_expectations._docs_decorators"}
{"timestamp":"2025-11-26T16:24:43.151646","level":"info","event":"Skipping registering function DataSourceManager._bind_asset_factory_method_if_not_present.<locals>._add_asset_factory because it is a closure","logger":"great_expectations._docs_decorators"}
{"timestamp":"2025-11-26T16:24:43.151677","level":"info","event":"Skipping registering function DataSourceManager._bind_asset_factory_method_if_not_present.<locals>._add_asset_factory because it is a closure","logger":"great_expectations._docs_decorators"}
{"timestamp":"2025-11-26T16:24:43.151713","level":"info","event":"Skipping registering function DataSourceManager._bind_asset_factory_method_if_not_present.<locals>._add_asset_factory because it is a closure","logger":"great_expectations._docs_decorators"}
{"timestamp":"2025-11-26T16:24:43.151744","level":"info","event":"Skipping registering function DataSourceManager._register_add_datasource.<locals>.crud_method_info because it is a closure","logger":"great_expectations._docs_decorators"}
{"timestamp":"2025-11-26T16:24:43.151763","level":"info","event":"Skipping registering function DataSourceManager._register_update_datasource.<locals>.crud_method_info because it is a closure","logger":"great_expectations._docs_decorators"}
{"timestamp":"2025-11-26T16:24:43.151780","level":"info","event":"Skipping registering function DataSourceManager._register_add_or_update_datasource.<locals>.crud_method_info because it is a closure","logger":"great_expectations._docs_decorators"}
{"timestamp":"2025-11-26T16:24:43.151796","level":"info","event":"Skipping registering function DataSourceManager._register_delete_datasource.<locals>.crud_method_info because it is a closure","logger":"great_expectations._docs_decorators"}
{"timestamp":"2025-11-26T16:24:43.153715","level":"info","event":"Skipping registering function DataSourceManager._bind_asset_factory_method_if_not_present.<locals>._add_asset_factory because it is a closure","logger":"great_expectations._docs_decorators"}
{"timestamp":"2025-11-26T16:24:43.153774","level":"info","event":"Skipping registering function DataSourceManager._bind_asset_factory_method_if_not_present.<locals>._add_asset_factory because it is a closure","logger":"great_expectations._docs_decorators"}
{"timestamp":"2025-11-26T16:24:43.153809","level":"info","event":"Skipping registering function DataSourceManager._bind_asset_factory_method_if_not_present.<locals>._add_asset_factory because it is a closure","logger":"great_expectations._docs_decorators"}
{"timestamp":"2025-11-26T16:24:43.153844","level":"info","event":"Skipping registering function DataSourceManager._bind_asset_factory_method_if_not_present.<locals>._add_asset_factory because it is a closure","logger":"great_expectations._docs_decorators"}
{"timestamp":"2025-11-26T16:24:43.153876","level":"info","event":"Skipping registering function DataSourceManager._bind_asset_factory_method_if_not_present.<locals>._add_asset_factory because it is a closure","logger":"great_expectations._docs_decorators"}
{"timestamp":"2025-11-26T16:24:43.153914","level":"info","event":"Skipping registering function DataSourceManager._bind_asset_factory_method_if_not_present.<locals>._add_asset_factory because it is a closure","logger":"great_expectations._docs_decorators"}
{"timestamp":"2025-11-26T16:24:43.153966","level":"info","event":"Skipping registering function DataSourceManager._bind_asset_factory_method_if_not_present.<locals>._add_asset_factory because it is a closure","logger":"great_expectations._docs_decorators"}
{"timestamp":"2025-11-26T16:24:43.154019","level":"info","event":"Skipping registering function DataSourceManager._bind_asset_factory_method_if_not_present.<locals>._add_asset_factory because it is a closure","logger":"great_expectations._docs_decorators"}
{"timestamp":"2025-11-26T16:24:43.154061","level":"info","event":"Skipping registering function DataSourceManager._bind_asset_factory_method_if_not_present.<locals>._add_asset_factory because it is a closure","logger":"great_expectations._docs_decorators"}
{"timestamp":"2025-11-26T16:24:43.154091","level":"info","event":"Skipping registering function DataSourceManager._bind_asset_factory_method_if_not_present.<locals>._add_asset_factory because it is a closure","logger":"great_expectations._docs_decorators"}
{"timestamp":"2025-11-26T16:24:43.154121","level":"info","event":"Skipping registering function DataSourceManager._bind_asset_factory_method_if_not_present.<locals>._add_asset_factory because it is a closure","logger":"great_expectations._docs_decorators"}
{"timestamp":"2025-11-26T16:24:43.154150","level":"info","event":"Skipping registering function DataSourceManager._bind_asset_factory_method_if_not_present.<locals>._add_asset_factory because it is a closure","logger":"great_expectations._docs_decorators"}
{"timestamp":"2025-11-26T16:24:43.154169","level":"info","event":"Skipping registering function DataSourceManager._register_add_datasource.<locals>.crud_method_info because it is a closure","logger":"great_expectations._docs_decorators"}
{"timestamp":"2025-11-26T16:24:43.154186","level":"info","event":"Skipping registering function DataSourceManager._register_update_datasource.<locals>.crud_method_info because it is a closure","logger":"great_expectations._docs_decorators"}
{"timestamp":"2025-11-26T16:24:43.154202","level":"info","event":"Skipping registering function DataSourceManager._register_add_or_update_datasource.<locals>.crud_method_info because it is a closure","logger":"great_expectations._docs_decorators"}
{"timestamp":"2025-11-26T16:24:43.154217","level":"info","event":"Skipping registering function DataSourceManager._register_delete_datasource.<locals>.crud_method_info because it is a closure","logger":"great_expectations._docs_decorators"}
{"timestamp":"2025-11-26T16:24:43.155954","level":"info","event":"Skipping registering function DataSourceManager._bind_asset_factory_method_if_not_present.<locals>._add_asset_factory because it is a closure","logger":"great_expectations._docs_decorators"}
{"timestamp":"2025-11-26T16:24:43.156322","level":"info","event":"Skipping registering function DataSourceManager._bind_asset_factory_method_if_not_present.<locals>._add_asset_factory because it is a closure","logger":"great_expectations._docs_decorators"}
{"timestamp":"2025-11-26T16:24:43.156430","level":"info","event":"Skipping registering function DataSourceManager._bind_asset_factory_method_if_not_present.<locals>._add_asset_factory because it is a closure","logger":"great_expectations._docs_decorators"}
{"timestamp":"2025-11-26T16:24:43.156479","level":"info","event":"Skipping registering function DataSourceManager._bind_asset_factory_method_if_not_present.<locals>._add_asset_factory because it is a closure","logger":"great_expectations._docs_decorators"}
{"timestamp":"2025-11-26T16:24:43.156518","level":"info","event":"Skipping registering function DataSourceManager._bind_asset_factory_method_if_not_present.<locals>._add_asset_factory because it is a closure","logger":"great_expectations._docs_decorators"}
{"timestamp":"2025-11-26T16:24:43.156555","level":"info","event":"Skipping registering function DataSourceManager._bind_asset_factory_method_if_not_present.<locals>._add_asset_factory because it is a closure","logger":"great_expectations._docs_decorators"}
{"timestamp":"2025-11-26T16:24:43.156664","level":"info","event":"Skipping registering function DataSourceManager._bind_asset_factory_method_if_not_present.<locals>._add_asset_factory because it is a closure","logger":"great_expectations._docs_decorators"}
{"timestamp":"2025-11-26T16:24:43.156750","level":"info","event":"Skipping registering function DataSourceManager._bind_asset_factory_method_if_not_present.<locals>._add_asset_factory because it is a closure","logger":"great_expectations._docs_decorators"}
{"timestamp":"2025-11-26T16:24:43.156812","level":"info","event":"Skipping registering function DataSourceManager._bind_asset_factory_method_if_not_present.<locals>._add_asset_factory because it is a closure","logger":"great_expectations._docs_decorators"}
{"timestamp":"2025-11-26T16:24:43.156863","level":"info","event":"Skipping registering function DataSourceManager._bind_asset_factory_method_if_not_present.<locals>._add_asset_factory because it is a closure","logger":"great_expectations._docs_decorators"}
{"timestamp":"2025-11-26T16:24:43.156912","level":"info","event":"Skipping registering function DataSourceManager._bind_asset_factory_method_if_not_present.<locals>._add_asset_factory because it is a closure","logger":"great_expectations._docs_decorators"}
{"timestamp":"2025-11-26T16:24:43.156977","level":"info","event":"Skipping registering function DataSourceManager._bind_asset_factory_method_if_not_present.<locals>._add_asset_factory because it is a closure","logger":"great_expectations._docs_decorators"}
{"timestamp":"2025-11-26T16:24:43.157005","level":"info","event":"Skipping registering function DataSourceManager._register_add_datasource.<locals>.crud_method_info because it is a closure","logger":"great_expectations._docs_decorators"}
{"timestamp":"2025-11-26T16:24:43.157030","level":"info","event":"Skipping registering function DataSourceManager._register_update_datasource.<locals>.crud_method_info because it is a closure","logger":"great_expectations._docs_decorators"}
{"timestamp":"2025-11-26T16:24:43.157047","level":"info","event":"Skipping registering function DataSourceManager._register_add_or_update_datasource.<locals>.crud_method_info because it is a closure","logger":"great_expectations._docs_decorators"}
{"timestamp":"2025-11-26T16:24:43.157064","level":"info","event":"Skipping registering function DataSourceManager._register_delete_datasource.<locals>.crud_method_info because it is a closure","logger":"great_expectations._docs_decorators"}
{"timestamp":"2025-11-26T16:24:43.160264","level":"info","event":"Skipping registering function DataSourceManager._register_add_datasource.<locals>.crud_method_info because it is a closure","logger":"great_expectations._docs_decorators"}
{"timestamp":"2025-11-26T16:24:43.160300","level":"info","event":"Skipping registering function DataSourceManager._register_update_datasource.<locals>.crud_method_info because it is a closure","logger":"great_expectations._docs_decorators"}
{"timestamp":"2025-11-26T16:24:43.160321","level":"info","event":"Skipping registering function DataSourceManager._register_add_or_update_datasource.<locals>.crud_method_info because it is a closure","logger":"great_expectations._docs_decorators"}
{"timestamp":"2025-11-26T16:24:43.160342","level":"info","event":"Skipping registering function DataSourceManager._register_delete_datasource.<locals>.crud_method_info because it is a closure","logger":"great_expectations._docs_decorators"}
{"timestamp":"2025-11-26T16:24:43.162310","level":"info","event":"Skipping registering function DataSourceManager._register_add_datasource.<locals>.crud_method_info because it is a closure","logger":"great_expectations._docs_decorators"}
{"timestamp":"2025-11-26T16:24:43.162348","level":"info","event":"Skipping registering function DataSourceManager._register_update_datasource.<locals>.crud_method_info because it is a closure","logger":"great_expectations._docs_decorators"}
{"timestamp":"2025-11-26T16:24:43.162385","level":"info","event":"Skipping registering function DataSourceManager._register_add_or_update_datasource.<locals>.crud_method_info because it is a closure","logger":"great_expectations._docs_decorators"}
{"timestamp":"2025-11-26T16:24:43.162414","level":"info","event":"Skipping registering function DataSourceManager._register_delete_datasource.<locals>.crud_method_info because it is a closure","logger":"great_expectations._docs_decorators"}
{"timestamp":"2025-11-26T16:24:43.165139","level":"info","event":"Skipping registering function DataSourceManager._register_add_datasource.<locals>.crud_method_info because it is a closure","logger":"great_expectations._docs_decorators"}
{"timestamp":"2025-11-26T16:24:43.165179","level":"info","event":"Skipping registering function DataSourceManager._register_update_datasource.<locals>.crud_method_info because it is a closure","logger":"great_expectations._docs_decorators"}
{"timestamp":"2025-11-26T16:24:43.165207","level":"info","event":"Skipping registering function DataSourceManager._register_add_or_update_datasource.<locals>.crud_method_info because it is a closure","logger":"great_expectations._docs_decorators"}
{"timestamp":"2025-11-26T16:24:43.165237","level":"info","event":"Skipping registering function DataSourceManager._register_delete_datasource.<locals>.crud_method_info because it is a closure","logger":"great_expectations._docs_decorators"}
{"timestamp":"2025-11-26T16:24:43.328189","level":"info","event":"Initializing DuckDB connection...","logger":"unusual_prefix_28365361c002a56757521d7aa9bbffbe356a9abc_sales_etl_pipeline"}
{"timestamp":"2025-11-26T16:24:43.335184","level":"info","event":"Configuring DuckDB for S3/MinIO access...","logger":"unusual_prefix_28365361c002a56757521d7aa9bbffbe356a9abc_sales_etl_pipeline"}
{"timestamp":"2025-11-26T16:24:43.382797","level":"info","event":"Querying and transforming data from s3://airflow-data/sales_data.csv...","logger":"unusual_prefix_28365361c002a56757521d7aa9bbffbe356a9abc_sales_etl_pipeline"}
{"timestamp":"2025-11-26T16:24:43.420243","level":"info","event":"Transformed 337 rows (shape: (337, 9))","logger":"unusual_prefix_28365361c002a56757521d7aa9bbffbe356a9abc_sales_etl_pipeline"}
{"timestamp":"2025-11-26T16:24:43.420347","level":"info","event":"Loading data into Postgres table 'sales_data'...","logger":"unusual_prefix_28365361c002a56757521d7aa9bbffbe356a9abc_sales_etl_pipeline"}
{"timestamp":"2025-11-26T16:24:43.596553","level":"warning","event":"empty cryptography key - values will not be stored encrypted.","logger":"airflow.models.crypto"}
{"timestamp":"2025-11-26T16:24:43.596854","level":"info","event":"Connection Retrieved 'postgres_default'","logger":"airflow.hooks.base"}
{"timestamp":"2025-11-26T16:24:43.597754","level":"warning","event":"/opt/airflow/dags/sales_etl_pipeline.py:323: UserWarning: pandas only supports SQLAlchemy connectable (engine/connection) or database string URI or sqlite3 DBAPI2 connection. Other DBAPI2 objects are not tested. Please consider using SQLAlchemy.\n  result_df.to_sql(\n","logger":"py.warnings"}
{"timestamp":"2025-11-26T16:24:43.598292","level":"error","event":"Failed to load data to Postgres: 'Engine' object has no attribute 'cursor'","logger":"unusual_prefix_28365361c002a56757521d7aa9bbffbe356a9abc_sales_etl_pipeline","error_detail":[{"exc_type":"AttributeError","exc_value":"'Engine' object has no attribute 'cursor'","exc_notes":[],"syntax_error":null,"is_cause":false,"frames":[{"filename":"/opt/airflow/dags/sales_etl_pipeline.py","lineno":323,"name":"load_to_postgres"},{"filename":"/home/airflow/.local/lib/python3.12/site-packages/pandas/util/_decorators.py","lineno":333,"name":"wrapper"},{"filename":"/home/airflow/.local/lib/python3.12/site-packages/pandas/core/generic.py","lineno":3087,"name":"to_sql"},{"filename":"/home/airflow/.local/lib/python3.12/site-packages/pandas/io/sql.py","lineno":842,"name":"to_sql"},{"filename":"/home/airflow/.local/lib/python3.12/site-packages/pandas/io/sql.py","lineno":2850,"name":"to_sql"},{"filename":"/home/airflow/.local/lib/python3.12/site-packages/pandas/io/sql.py","lineno":984,"name":"create"},{"filename":"/home/airflow/.local/lib/python3.12/site-packages/pandas/io/sql.py","lineno":970,"name":"exists"},{"filename":"/home/airflow/.local/lib/python3.12/site-packages/pandas/io/sql.py","lineno":2865,"name":"has_table"},{"filename":"/home/airflow/.local/lib/python3.12/site-packages/pandas/io/sql.py","lineno":2672,"name":"execute"}],"is_group":false,"exceptions":[]}]}
{"timestamp":"2025-11-26T16:24:43.599517","level":"error","event":"Task failed with exception","logger":"task","error_detail":[{"exc_type":"AirflowException","exc_value":"Data loading failed: 'Engine' object has no attribute 'cursor'","exc_notes":[],"syntax_error":null,"is_cause":false,"frames":[{"filename":"/home/airflow/.local/lib/python3.12/site-packages/airflow/sdk/execution_time/task_runner.py","lineno":877,"name":"run"},{"filename":"/home/airflow/.local/lib/python3.12/site-packages/airflow/sdk/execution_time/task_runner.py","lineno":1164,"name":"_execute_task"},{"filename":"/home/airflow/.local/lib/python3.12/site-packages/airflow/sdk/bases/operator.py","lineno":397,"name":"wrapper"},{"filename":"/home/airflow/.local/lib/python3.12/site-packages/airflow/sdk/bases/decorator.py","lineno":251,"name":"execute"},{"filename":"/home/airflow/.local/lib/python3.12/site-packages/airflow/sdk/bases/operator.py","lineno":397,"name":"wrapper"},{"filename":"/home/airflow/.local/lib/python3.12/site-packages/airflow/providers/standard/operators/python.py","lineno":217,"name":"execute"},{"filename":"/home/airflow/.local/lib/python3.12/site-packages/airflow/providers/standard/operators/python.py","lineno":240,"name":"execute_callable"},{"filename":"/home/airflow/.local/lib/python3.12/site-packages/airflow/sdk/execution_time/callback_runner.py","lineno":81,"name":"run"},{"filename":"/opt/airflow/dags/sales_etl_pipeline.py","lineno":342,"name":"load_to_postgres"}],"is_group":false,"exceptions":[]},{"exc_type":"AttributeError","exc_value":"'Engine' object has no attribute 'cursor'","exc_notes":[],"syntax_error":null,"is_cause":false,"frames":[{"filename":"/opt/airflow/dags/sales_etl_pipeline.py","lineno":323,"name":"load_to_postgres"},{"filename":"/home/airflow/.local/lib/python3.12/site-packages/pandas/util/_decorators.py","lineno":333,"name":"wrapper"},{"filename":"/home/airflow/.local/lib/python3.12/site-packages/pandas/core/generic.py","lineno":3087,"name":"to_sql"},{"filename":"/home/airflow/.local/lib/python3.12/site-packages/pandas/io/sql.py","lineno":842,"name":"to_sql"},{"filename":"/home/airflow/.local/lib/python3.12/site-packages/pandas/io/sql.py","lineno":2850,"name":"to_sql"},{"filename":"/home/airflow/.local/lib/python3.12/site-packages/pandas/io/sql.py","lineno":984,"name":"create"},{"filename":"/home/airflow/.local/lib/python3.12/site-packages/pandas/io/sql.py","lineno":970,"name":"exists"},{"filename":"/home/airflow/.local/lib/python3.12/site-packages/pandas/io/sql.py","lineno":2865,"name":"has_table"},{"filename":"/home/airflow/.local/lib/python3.12/site-packages/pandas/io/sql.py","lineno":2672,"name":"execute"}],"is_group":false,"exceptions":[]}]}
