{"timestamp":"2025-11-26T16:22:15.396768","level":"info","event":"DAG bundles loaded: dags-folder","logger":"airflow.dag_processing.bundles.manager.DagBundlesManager"}
{"timestamp":"2025-11-26T16:22:15.397193","level":"info","event":"Filling up the DagBag from /opt/airflow/dags/sales_etl_pipeline.py","logger":"airflow.models.dagbag.DagBag"}
{"timestamp":"2025-11-26T16:22:15.852463","level":"info","event":"Skipping registering function get_context because it does not have a class","logger":"great_expectations._docs_decorators"}
{"timestamp":"2025-11-26T16:22:16.462266","level":"info","event":"Skipping registering function DataSourceManager._register_add_datasource.<locals>.crud_method_info because it is a closure","logger":"great_expectations._docs_decorators"}
{"timestamp":"2025-11-26T16:22:16.462428","level":"info","event":"Skipping registering function DataSourceManager._register_update_datasource.<locals>.crud_method_info because it is a closure","logger":"great_expectations._docs_decorators"}
{"timestamp":"2025-11-26T16:22:16.462471","level":"info","event":"Skipping registering function DataSourceManager._register_add_or_update_datasource.<locals>.crud_method_info because it is a closure","logger":"great_expectations._docs_decorators"}
{"timestamp":"2025-11-26T16:22:16.462492","level":"info","event":"Skipping registering function DataSourceManager._register_delete_datasource.<locals>.crud_method_info because it is a closure","logger":"great_expectations._docs_decorators"}
{"timestamp":"2025-11-26T16:22:16.484423","level":"info","event":"Skipping registering function DataSourceManager._bind_asset_factory_method_if_not_present.<locals>._add_asset_factory because it is a closure","logger":"great_expectations._docs_decorators"}
{"timestamp":"2025-11-26T16:22:16.484577","level":"info","event":"Skipping registering function DataSourceManager._bind_asset_factory_method_if_not_present.<locals>._add_asset_factory because it is a closure","logger":"great_expectations._docs_decorators"}
{"timestamp":"2025-11-26T16:22:16.484677","level":"info","event":"Skipping registering function DataSourceManager._bind_asset_factory_method_if_not_present.<locals>._add_asset_factory because it is a closure","logger":"great_expectations._docs_decorators"}
{"timestamp":"2025-11-26T16:22:16.484773","level":"info","event":"Skipping registering function DataSourceManager._bind_asset_factory_method_if_not_present.<locals>._add_asset_factory because it is a closure","logger":"great_expectations._docs_decorators"}
{"timestamp":"2025-11-26T16:22:16.484861","level":"info","event":"Skipping registering function DataSourceManager._bind_asset_factory_method_if_not_present.<locals>._add_asset_factory because it is a closure","logger":"great_expectations._docs_decorators"}
{"timestamp":"2025-11-26T16:22:16.484948","level":"info","event":"Skipping registering function DataSourceManager._bind_asset_factory_method_if_not_present.<locals>._add_asset_factory because it is a closure","logger":"great_expectations._docs_decorators"}
{"timestamp":"2025-11-26T16:22:16.485039","level":"info","event":"Skipping registering function DataSourceManager._bind_asset_factory_method_if_not_present.<locals>._add_asset_factory because it is a closure","logger":"great_expectations._docs_decorators"}
{"timestamp":"2025-11-26T16:22:16.485117","level":"info","event":"Skipping registering function DataSourceManager._bind_asset_factory_method_if_not_present.<locals>._add_asset_factory because it is a closure","logger":"great_expectations._docs_decorators"}
{"timestamp":"2025-11-26T16:22:16.485153","level":"info","event":"Skipping registering function DataSourceManager._bind_asset_factory_method_if_not_present.<locals>._add_asset_factory because it is a closure","logger":"great_expectations._docs_decorators"}
{"timestamp":"2025-11-26T16:22:16.485191","level":"info","event":"Skipping registering function DataSourceManager._bind_asset_factory_method_if_not_present.<locals>._add_asset_factory because it is a closure","logger":"great_expectations._docs_decorators"}
{"timestamp":"2025-11-26T16:22:16.485226","level":"info","event":"Skipping registering function DataSourceManager._bind_asset_factory_method_if_not_present.<locals>._add_asset_factory because it is a closure","logger":"great_expectations._docs_decorators"}
{"timestamp":"2025-11-26T16:22:16.485257","level":"info","event":"Skipping registering function DataSourceManager._bind_asset_factory_method_if_not_present.<locals>._add_asset_factory because it is a closure","logger":"great_expectations._docs_decorators"}
{"timestamp":"2025-11-26T16:22:16.485288","level":"info","event":"Skipping registering function DataSourceManager._bind_asset_factory_method_if_not_present.<locals>._add_asset_factory because it is a closure","logger":"great_expectations._docs_decorators"}
{"timestamp":"2025-11-26T16:22:16.485321","level":"info","event":"Skipping registering function DataSourceManager._bind_asset_factory_method_if_not_present.<locals>._add_asset_factory because it is a closure","logger":"great_expectations._docs_decorators"}
{"timestamp":"2025-11-26T16:22:16.485342","level":"info","event":"Skipping registering function DataSourceManager._register_add_datasource.<locals>.crud_method_info because it is a closure","logger":"great_expectations._docs_decorators"}
{"timestamp":"2025-11-26T16:22:16.485360","level":"info","event":"Skipping registering function DataSourceManager._register_update_datasource.<locals>.crud_method_info because it is a closure","logger":"great_expectations._docs_decorators"}
{"timestamp":"2025-11-26T16:22:16.485390","level":"info","event":"Skipping registering function DataSourceManager._register_add_or_update_datasource.<locals>.crud_method_info because it is a closure","logger":"great_expectations._docs_decorators"}
{"timestamp":"2025-11-26T16:22:16.485409","level":"info","event":"Skipping registering function DataSourceManager._register_delete_datasource.<locals>.crud_method_info because it is a closure","logger":"great_expectations._docs_decorators"}
{"timestamp":"2025-11-26T16:22:16.486148","level":"info","event":"Skipping registering function DataSourceManager._register_add_datasource.<locals>.crud_method_info because it is a closure","logger":"great_expectations._docs_decorators"}
{"timestamp":"2025-11-26T16:22:16.486173","level":"info","event":"Skipping registering function DataSourceManager._register_update_datasource.<locals>.crud_method_info because it is a closure","logger":"great_expectations._docs_decorators"}
{"timestamp":"2025-11-26T16:22:16.486191","level":"info","event":"Skipping registering function DataSourceManager._register_add_or_update_datasource.<locals>.crud_method_info because it is a closure","logger":"great_expectations._docs_decorators"}
{"timestamp":"2025-11-26T16:22:16.486207","level":"info","event":"Skipping registering function DataSourceManager._register_delete_datasource.<locals>.crud_method_info because it is a closure","logger":"great_expectations._docs_decorators"}
{"timestamp":"2025-11-26T16:22:16.487169","level":"info","event":"Skipping registering function DataSourceManager._bind_asset_factory_method_if_not_present.<locals>._add_asset_factory because it is a closure","logger":"great_expectations._docs_decorators"}
{"timestamp":"2025-11-26T16:22:16.487215","level":"info","event":"Skipping registering function DataSourceManager._bind_asset_factory_method_if_not_present.<locals>._add_asset_factory because it is a closure","logger":"great_expectations._docs_decorators"}
{"timestamp":"2025-11-26T16:22:16.487261","level":"info","event":"Skipping registering function DataSourceManager._bind_asset_factory_method_if_not_present.<locals>._add_asset_factory because it is a closure","logger":"great_expectations._docs_decorators"}
{"timestamp":"2025-11-26T16:22:16.487295","level":"info","event":"Skipping registering function DataSourceManager._bind_asset_factory_method_if_not_present.<locals>._add_asset_factory because it is a closure","logger":"great_expectations._docs_decorators"}
{"timestamp":"2025-11-26T16:22:16.487327","level":"info","event":"Skipping registering function DataSourceManager._bind_asset_factory_method_if_not_present.<locals>._add_asset_factory because it is a closure","logger":"great_expectations._docs_decorators"}
{"timestamp":"2025-11-26T16:22:16.487360","level":"info","event":"Skipping registering function DataSourceManager._bind_asset_factory_method_if_not_present.<locals>._add_asset_factory because it is a closure","logger":"great_expectations._docs_decorators"}
{"timestamp":"2025-11-26T16:22:16.487393","level":"info","event":"Skipping registering function DataSourceManager._bind_asset_factory_method_if_not_present.<locals>._add_asset_factory because it is a closure","logger":"great_expectations._docs_decorators"}
{"timestamp":"2025-11-26T16:22:16.487423","level":"info","event":"Skipping registering function DataSourceManager._bind_asset_factory_method_if_not_present.<locals>._add_asset_factory because it is a closure","logger":"great_expectations._docs_decorators"}
{"timestamp":"2025-11-26T16:22:16.487460","level":"info","event":"Skipping registering function DataSourceManager._bind_asset_factory_method_if_not_present.<locals>._add_asset_factory because it is a closure","logger":"great_expectations._docs_decorators"}
{"timestamp":"2025-11-26T16:22:16.487489","level":"info","event":"Skipping registering function DataSourceManager._bind_asset_factory_method_if_not_present.<locals>._add_asset_factory because it is a closure","logger":"great_expectations._docs_decorators"}
{"timestamp":"2025-11-26T16:22:16.487520","level":"info","event":"Skipping registering function DataSourceManager._bind_asset_factory_method_if_not_present.<locals>._add_asset_factory because it is a closure","logger":"great_expectations._docs_decorators"}
{"timestamp":"2025-11-26T16:22:16.487549","level":"info","event":"Skipping registering function DataSourceManager._bind_asset_factory_method_if_not_present.<locals>._add_asset_factory because it is a closure","logger":"great_expectations._docs_decorators"}
{"timestamp":"2025-11-26T16:22:16.487580","level":"info","event":"Skipping registering function DataSourceManager._bind_asset_factory_method_if_not_present.<locals>._add_asset_factory because it is a closure","logger":"great_expectations._docs_decorators"}
{"timestamp":"2025-11-26T16:22:16.487612","level":"info","event":"Skipping registering function DataSourceManager._bind_asset_factory_method_if_not_present.<locals>._add_asset_factory because it is a closure","logger":"great_expectations._docs_decorators"}
{"timestamp":"2025-11-26T16:22:16.487631","level":"info","event":"Skipping registering function DataSourceManager._register_add_datasource.<locals>.crud_method_info because it is a closure","logger":"great_expectations._docs_decorators"}
{"timestamp":"2025-11-26T16:22:16.487653","level":"info","event":"Skipping registering function DataSourceManager._register_update_datasource.<locals>.crud_method_info because it is a closure","logger":"great_expectations._docs_decorators"}
{"timestamp":"2025-11-26T16:22:16.487669","level":"info","event":"Skipping registering function DataSourceManager._register_add_or_update_datasource.<locals>.crud_method_info because it is a closure","logger":"great_expectations._docs_decorators"}
{"timestamp":"2025-11-26T16:22:16.487685","level":"info","event":"Skipping registering function DataSourceManager._register_delete_datasource.<locals>.crud_method_info because it is a closure","logger":"great_expectations._docs_decorators"}
{"timestamp":"2025-11-26T16:22:16.489587","level":"info","event":"Skipping registering function DataSourceManager._bind_asset_factory_method_if_not_present.<locals>._add_asset_factory because it is a closure","logger":"great_expectations._docs_decorators"}
{"timestamp":"2025-11-26T16:22:16.489686","level":"info","event":"Skipping registering function DataSourceManager._bind_asset_factory_method_if_not_present.<locals>._add_asset_factory because it is a closure","logger":"great_expectations._docs_decorators"}
{"timestamp":"2025-11-26T16:22:16.489777","level":"info","event":"Skipping registering function DataSourceManager._bind_asset_factory_method_if_not_present.<locals>._add_asset_factory because it is a closure","logger":"great_expectations._docs_decorators"}
{"timestamp":"2025-11-26T16:22:16.489876","level":"info","event":"Skipping registering function DataSourceManager._bind_asset_factory_method_if_not_present.<locals>._add_asset_factory because it is a closure","logger":"great_expectations._docs_decorators"}
{"timestamp":"2025-11-26T16:22:16.489957","level":"info","event":"Skipping registering function DataSourceManager._bind_asset_factory_method_if_not_present.<locals>._add_asset_factory because it is a closure","logger":"great_expectations._docs_decorators"}
{"timestamp":"2025-11-26T16:22:16.490046","level":"info","event":"Skipping registering function DataSourceManager._bind_asset_factory_method_if_not_present.<locals>._add_asset_factory because it is a closure","logger":"great_expectations._docs_decorators"}
{"timestamp":"2025-11-26T16:22:16.490131","level":"info","event":"Skipping registering function DataSourceManager._bind_asset_factory_method_if_not_present.<locals>._add_asset_factory because it is a closure","logger":"great_expectations._docs_decorators"}
{"timestamp":"2025-11-26T16:22:16.490210","level":"info","event":"Skipping registering function DataSourceManager._bind_asset_factory_method_if_not_present.<locals>._add_asset_factory because it is a closure","logger":"great_expectations._docs_decorators"}
{"timestamp":"2025-11-26T16:22:16.490289","level":"info","event":"Skipping registering function DataSourceManager._bind_asset_factory_method_if_not_present.<locals>._add_asset_factory because it is a closure","logger":"great_expectations._docs_decorators"}
{"timestamp":"2025-11-26T16:22:16.490367","level":"info","event":"Skipping registering function DataSourceManager._bind_asset_factory_method_if_not_present.<locals>._add_asset_factory because it is a closure","logger":"great_expectations._docs_decorators"}
{"timestamp":"2025-11-26T16:22:16.490451","level":"info","event":"Skipping registering function DataSourceManager._bind_asset_factory_method_if_not_present.<locals>._add_asset_factory because it is a closure","logger":"great_expectations._docs_decorators"}
{"timestamp":"2025-11-26T16:22:16.490529","level":"info","event":"Skipping registering function DataSourceManager._bind_asset_factory_method_if_not_present.<locals>._add_asset_factory because it is a closure","logger":"great_expectations._docs_decorators"}
{"timestamp":"2025-11-26T16:22:16.490613","level":"info","event":"Skipping registering function DataSourceManager._bind_asset_factory_method_if_not_present.<locals>._add_asset_factory because it is a closure","logger":"great_expectations._docs_decorators"}
{"timestamp":"2025-11-26T16:22:16.490698","level":"info","event":"Skipping registering function DataSourceManager._bind_asset_factory_method_if_not_present.<locals>._add_asset_factory because it is a closure","logger":"great_expectations._docs_decorators"}
{"timestamp":"2025-11-26T16:22:16.490767","level":"info","event":"Skipping registering function DataSourceManager._register_add_datasource.<locals>.crud_method_info because it is a closure","logger":"great_expectations._docs_decorators"}
{"timestamp":"2025-11-26T16:22:16.490840","level":"info","event":"Skipping registering function DataSourceManager._register_update_datasource.<locals>.crud_method_info because it is a closure","logger":"great_expectations._docs_decorators"}
{"timestamp":"2025-11-26T16:22:16.490901","level":"info","event":"Skipping registering function DataSourceManager._register_add_or_update_datasource.<locals>.crud_method_info because it is a closure","logger":"great_expectations._docs_decorators"}
{"timestamp":"2025-11-26T16:22:16.490959","level":"info","event":"Skipping registering function DataSourceManager._register_delete_datasource.<locals>.crud_method_info because it is a closure","logger":"great_expectations._docs_decorators"}
{"timestamp":"2025-11-26T16:22:16.491890","level":"info","event":"Skipping registering function DataSourceManager._bind_asset_factory_method_if_not_present.<locals>._add_asset_factory because it is a closure","logger":"great_expectations._docs_decorators"}
{"timestamp":"2025-11-26T16:22:16.492010","level":"info","event":"Skipping registering function DataSourceManager._bind_asset_factory_method_if_not_present.<locals>._add_asset_factory because it is a closure","logger":"great_expectations._docs_decorators"}
{"timestamp":"2025-11-26T16:22:16.492093","level":"info","event":"Skipping registering function DataSourceManager._bind_asset_factory_method_if_not_present.<locals>._add_asset_factory because it is a closure","logger":"great_expectations._docs_decorators"}
{"timestamp":"2025-11-26T16:22:16.492175","level":"info","event":"Skipping registering function DataSourceManager._bind_asset_factory_method_if_not_present.<locals>._add_asset_factory because it is a closure","logger":"great_expectations._docs_decorators"}
{"timestamp":"2025-11-26T16:22:16.492255","level":"info","event":"Skipping registering function DataSourceManager._bind_asset_factory_method_if_not_present.<locals>._add_asset_factory because it is a closure","logger":"great_expectations._docs_decorators"}
{"timestamp":"2025-11-26T16:22:16.492337","level":"info","event":"Skipping registering function DataSourceManager._bind_asset_factory_method_if_not_present.<locals>._add_asset_factory because it is a closure","logger":"great_expectations._docs_decorators"}
{"timestamp":"2025-11-26T16:22:16.492419","level":"info","event":"Skipping registering function DataSourceManager._bind_asset_factory_method_if_not_present.<locals>._add_asset_factory because it is a closure","logger":"great_expectations._docs_decorators"}
{"timestamp":"2025-11-26T16:22:16.492497","level":"info","event":"Skipping registering function DataSourceManager._bind_asset_factory_method_if_not_present.<locals>._add_asset_factory because it is a closure","logger":"great_expectations._docs_decorators"}
{"timestamp":"2025-11-26T16:22:16.492582","level":"info","event":"Skipping registering function DataSourceManager._bind_asset_factory_method_if_not_present.<locals>._add_asset_factory because it is a closure","logger":"great_expectations._docs_decorators"}
{"timestamp":"2025-11-26T16:22:16.492663","level":"info","event":"Skipping registering function DataSourceManager._bind_asset_factory_method_if_not_present.<locals>._add_asset_factory because it is a closure","logger":"great_expectations._docs_decorators"}
{"timestamp":"2025-11-26T16:22:16.492744","level":"info","event":"Skipping registering function DataSourceManager._bind_asset_factory_method_if_not_present.<locals>._add_asset_factory because it is a closure","logger":"great_expectations._docs_decorators"}
{"timestamp":"2025-11-26T16:22:16.492835","level":"info","event":"Skipping registering function DataSourceManager._bind_asset_factory_method_if_not_present.<locals>._add_asset_factory because it is a closure","logger":"great_expectations._docs_decorators"}
{"timestamp":"2025-11-26T16:22:16.492915","level":"info","event":"Skipping registering function DataSourceManager._bind_asset_factory_method_if_not_present.<locals>._add_asset_factory because it is a closure","logger":"great_expectations._docs_decorators"}
{"timestamp":"2025-11-26T16:22:16.493004","level":"info","event":"Skipping registering function DataSourceManager._bind_asset_factory_method_if_not_present.<locals>._add_asset_factory because it is a closure","logger":"great_expectations._docs_decorators"}
{"timestamp":"2025-11-26T16:22:16.493070","level":"info","event":"Skipping registering function DataSourceManager._register_add_datasource.<locals>.crud_method_info because it is a closure","logger":"great_expectations._docs_decorators"}
{"timestamp":"2025-11-26T16:22:16.493142","level":"info","event":"Skipping registering function DataSourceManager._register_update_datasource.<locals>.crud_method_info because it is a closure","logger":"great_expectations._docs_decorators"}
{"timestamp":"2025-11-26T16:22:16.493204","level":"info","event":"Skipping registering function DataSourceManager._register_add_or_update_datasource.<locals>.crud_method_info because it is a closure","logger":"great_expectations._docs_decorators"}
{"timestamp":"2025-11-26T16:22:16.493261","level":"info","event":"Skipping registering function DataSourceManager._register_delete_datasource.<locals>.crud_method_info because it is a closure","logger":"great_expectations._docs_decorators"}
{"timestamp":"2025-11-26T16:22:16.496719","level":"info","event":"Skipping registering function DataSourceManager._register_add_datasource.<locals>.crud_method_info because it is a closure","logger":"great_expectations._docs_decorators"}
{"timestamp":"2025-11-26T16:22:16.496813","level":"info","event":"Skipping registering function DataSourceManager._register_update_datasource.<locals>.crud_method_info because it is a closure","logger":"great_expectations._docs_decorators"}
{"timestamp":"2025-11-26T16:22:16.496880","level":"info","event":"Skipping registering function DataSourceManager._register_add_or_update_datasource.<locals>.crud_method_info because it is a closure","logger":"great_expectations._docs_decorators"}
{"timestamp":"2025-11-26T16:22:16.496944","level":"info","event":"Skipping registering function DataSourceManager._register_delete_datasource.<locals>.crud_method_info because it is a closure","logger":"great_expectations._docs_decorators"}
{"timestamp":"2025-11-26T16:22:16.504708","level":"info","event":"Skipping registering function DataSourceManager._register_add_datasource.<locals>.crud_method_info because it is a closure","logger":"great_expectations._docs_decorators"}
{"timestamp":"2025-11-26T16:22:16.504794","level":"info","event":"Skipping registering function DataSourceManager._register_update_datasource.<locals>.crud_method_info because it is a closure","logger":"great_expectations._docs_decorators"}
{"timestamp":"2025-11-26T16:22:16.504816","level":"info","event":"Skipping registering function DataSourceManager._register_add_or_update_datasource.<locals>.crud_method_info because it is a closure","logger":"great_expectations._docs_decorators"}
{"timestamp":"2025-11-26T16:22:16.504833","level":"info","event":"Skipping registering function DataSourceManager._register_delete_datasource.<locals>.crud_method_info because it is a closure","logger":"great_expectations._docs_decorators"}
{"timestamp":"2025-11-26T16:22:16.506016","level":"info","event":"Skipping registering function DataSourceManager._register_add_datasource.<locals>.crud_method_info because it is a closure","logger":"great_expectations._docs_decorators"}
{"timestamp":"2025-11-26T16:22:16.506091","level":"info","event":"Skipping registering function DataSourceManager._register_update_datasource.<locals>.crud_method_info because it is a closure","logger":"great_expectations._docs_decorators"}
{"timestamp":"2025-11-26T16:22:16.506155","level":"info","event":"Skipping registering function DataSourceManager._register_add_or_update_datasource.<locals>.crud_method_info because it is a closure","logger":"great_expectations._docs_decorators"}
{"timestamp":"2025-11-26T16:22:16.506216","level":"info","event":"Skipping registering function DataSourceManager._register_delete_datasource.<locals>.crud_method_info because it is a closure","logger":"great_expectations._docs_decorators"}
{"timestamp":"2025-11-26T16:22:16.509706","level":"info","event":"Skipping registering function DataSourceManager._register_add_datasource.<locals>.crud_method_info because it is a closure","logger":"great_expectations._docs_decorators"}
{"timestamp":"2025-11-26T16:22:16.509793","level":"info","event":"Skipping registering function DataSourceManager._register_update_datasource.<locals>.crud_method_info because it is a closure","logger":"great_expectations._docs_decorators"}
{"timestamp":"2025-11-26T16:22:16.509863","level":"info","event":"Skipping registering function DataSourceManager._register_add_or_update_datasource.<locals>.crud_method_info because it is a closure","logger":"great_expectations._docs_decorators"}
{"timestamp":"2025-11-26T16:22:16.509925","level":"info","event":"Skipping registering function DataSourceManager._register_delete_datasource.<locals>.crud_method_info because it is a closure","logger":"great_expectations._docs_decorators"}
{"timestamp":"2025-11-26T16:22:16.544048","level":"info","event":"Skipping registering function DataSourceManager._bind_asset_factory_method_if_not_present.<locals>._add_asset_factory because it is a closure","logger":"great_expectations._docs_decorators"}
{"timestamp":"2025-11-26T16:22:16.544232","level":"info","event":"Skipping registering function DataSourceManager._bind_asset_factory_method_if_not_present.<locals>._add_asset_factory because it is a closure","logger":"great_expectations._docs_decorators"}
{"timestamp":"2025-11-26T16:22:16.544327","level":"info","event":"Skipping registering function DataSourceManager._bind_asset_factory_method_if_not_present.<locals>._add_asset_factory because it is a closure","logger":"great_expectations._docs_decorators"}
{"timestamp":"2025-11-26T16:22:16.544414","level":"info","event":"Skipping registering function DataSourceManager._bind_asset_factory_method_if_not_present.<locals>._add_asset_factory because it is a closure","logger":"great_expectations._docs_decorators"}
{"timestamp":"2025-11-26T16:22:16.544497","level":"info","event":"Skipping registering function DataSourceManager._bind_asset_factory_method_if_not_present.<locals>._add_asset_factory because it is a closure","logger":"great_expectations._docs_decorators"}
{"timestamp":"2025-11-26T16:22:16.544580","level":"info","event":"Skipping registering function DataSourceManager._bind_asset_factory_method_if_not_present.<locals>._add_asset_factory because it is a closure","logger":"great_expectations._docs_decorators"}
{"timestamp":"2025-11-26T16:22:16.544664","level":"info","event":"Skipping registering function DataSourceManager._bind_asset_factory_method_if_not_present.<locals>._add_asset_factory because it is a closure","logger":"great_expectations._docs_decorators"}
{"timestamp":"2025-11-26T16:22:16.544750","level":"info","event":"Skipping registering function DataSourceManager._bind_asset_factory_method_if_not_present.<locals>._add_asset_factory because it is a closure","logger":"great_expectations._docs_decorators"}
{"timestamp":"2025-11-26T16:22:16.544845","level":"info","event":"Skipping registering function DataSourceManager._bind_asset_factory_method_if_not_present.<locals>._add_asset_factory because it is a closure","logger":"great_expectations._docs_decorators"}
{"timestamp":"2025-11-26T16:22:16.544927","level":"info","event":"Skipping registering function DataSourceManager._bind_asset_factory_method_if_not_present.<locals>._add_asset_factory because it is a closure","logger":"great_expectations._docs_decorators"}
{"timestamp":"2025-11-26T16:22:16.545009","level":"info","event":"Skipping registering function DataSourceManager._bind_asset_factory_method_if_not_present.<locals>._add_asset_factory because it is a closure","logger":"great_expectations._docs_decorators"}
{"timestamp":"2025-11-26T16:22:16.545089","level":"info","event":"Skipping registering function DataSourceManager._bind_asset_factory_method_if_not_present.<locals>._add_asset_factory because it is a closure","logger":"great_expectations._docs_decorators"}
{"timestamp":"2025-11-26T16:22:16.545157","level":"info","event":"Skipping registering function DataSourceManager._register_add_datasource.<locals>.crud_method_info because it is a closure","logger":"great_expectations._docs_decorators"}
{"timestamp":"2025-11-26T16:22:16.545216","level":"info","event":"Skipping registering function DataSourceManager._register_update_datasource.<locals>.crud_method_info because it is a closure","logger":"great_expectations._docs_decorators"}
{"timestamp":"2025-11-26T16:22:16.545237","level":"info","event":"Skipping registering function DataSourceManager._register_add_or_update_datasource.<locals>.crud_method_info because it is a closure","logger":"great_expectations._docs_decorators"}
{"timestamp":"2025-11-26T16:22:16.545255","level":"info","event":"Skipping registering function DataSourceManager._register_delete_datasource.<locals>.crud_method_info because it is a closure","logger":"great_expectations._docs_decorators"}
{"timestamp":"2025-11-26T16:22:16.547262","level":"info","event":"Skipping registering function DataSourceManager._register_add_datasource.<locals>.crud_method_info because it is a closure","logger":"great_expectations._docs_decorators"}
{"timestamp":"2025-11-26T16:22:16.547400","level":"info","event":"Skipping registering function DataSourceManager._register_update_datasource.<locals>.crud_method_info because it is a closure","logger":"great_expectations._docs_decorators"}
{"timestamp":"2025-11-26T16:22:16.547483","level":"info","event":"Skipping registering function DataSourceManager._register_add_or_update_datasource.<locals>.crud_method_info because it is a closure","logger":"great_expectations._docs_decorators"}
{"timestamp":"2025-11-26T16:22:16.547554","level":"info","event":"Skipping registering function DataSourceManager._register_delete_datasource.<locals>.crud_method_info because it is a closure","logger":"great_expectations._docs_decorators"}
{"timestamp":"2025-11-26T16:22:16.549659","level":"info","event":"Skipping registering function DataSourceManager._bind_asset_factory_method_if_not_present.<locals>._add_asset_factory because it is a closure","logger":"great_expectations._docs_decorators"}
{"timestamp":"2025-11-26T16:22:16.549815","level":"info","event":"Skipping registering function DataSourceManager._bind_asset_factory_method_if_not_present.<locals>._add_asset_factory because it is a closure","logger":"great_expectations._docs_decorators"}
{"timestamp":"2025-11-26T16:22:16.549913","level":"info","event":"Skipping registering function DataSourceManager._bind_asset_factory_method_if_not_present.<locals>._add_asset_factory because it is a closure","logger":"great_expectations._docs_decorators"}
{"timestamp":"2025-11-26T16:22:16.550004","level":"info","event":"Skipping registering function DataSourceManager._bind_asset_factory_method_if_not_present.<locals>._add_asset_factory because it is a closure","logger":"great_expectations._docs_decorators"}
{"timestamp":"2025-11-26T16:22:16.550094","level":"info","event":"Skipping registering function DataSourceManager._bind_asset_factory_method_if_not_present.<locals>._add_asset_factory because it is a closure","logger":"great_expectations._docs_decorators"}
{"timestamp":"2025-11-26T16:22:16.550178","level":"info","event":"Skipping registering function DataSourceManager._bind_asset_factory_method_if_not_present.<locals>._add_asset_factory because it is a closure","logger":"great_expectations._docs_decorators"}
{"timestamp":"2025-11-26T16:22:16.550263","level":"info","event":"Skipping registering function DataSourceManager._bind_asset_factory_method_if_not_present.<locals>._add_asset_factory because it is a closure","logger":"great_expectations._docs_decorators"}
{"timestamp":"2025-11-26T16:22:16.550348","level":"info","event":"Skipping registering function DataSourceManager._bind_asset_factory_method_if_not_present.<locals>._add_asset_factory because it is a closure","logger":"great_expectations._docs_decorators"}
{"timestamp":"2025-11-26T16:22:16.550430","level":"info","event":"Skipping registering function DataSourceManager._bind_asset_factory_method_if_not_present.<locals>._add_asset_factory because it is a closure","logger":"great_expectations._docs_decorators"}
{"timestamp":"2025-11-26T16:22:16.550833","level":"info","event":"Skipping registering function DataSourceManager._bind_asset_factory_method_if_not_present.<locals>._add_asset_factory because it is a closure","logger":"great_expectations._docs_decorators"}
{"timestamp":"2025-11-26T16:22:16.550985","level":"info","event":"Skipping registering function DataSourceManager._bind_asset_factory_method_if_not_present.<locals>._add_asset_factory because it is a closure","logger":"great_expectations._docs_decorators"}
{"timestamp":"2025-11-26T16:22:16.551088","level":"info","event":"Skipping registering function DataSourceManager._bind_asset_factory_method_if_not_present.<locals>._add_asset_factory because it is a closure","logger":"great_expectations._docs_decorators"}
{"timestamp":"2025-11-26T16:22:16.551161","level":"info","event":"Skipping registering function DataSourceManager._register_add_datasource.<locals>.crud_method_info because it is a closure","logger":"great_expectations._docs_decorators"}
{"timestamp":"2025-11-26T16:22:16.551238","level":"info","event":"Skipping registering function DataSourceManager._register_update_datasource.<locals>.crud_method_info because it is a closure","logger":"great_expectations._docs_decorators"}
{"timestamp":"2025-11-26T16:22:16.551302","level":"info","event":"Skipping registering function DataSourceManager._register_add_or_update_datasource.<locals>.crud_method_info because it is a closure","logger":"great_expectations._docs_decorators"}
{"timestamp":"2025-11-26T16:22:16.551361","level":"info","event":"Skipping registering function DataSourceManager._register_delete_datasource.<locals>.crud_method_info because it is a closure","logger":"great_expectations._docs_decorators"}
{"timestamp":"2025-11-26T16:22:16.553107","level":"info","event":"Skipping registering function DataSourceManager._bind_asset_factory_method_if_not_present.<locals>._add_asset_factory because it is a closure","logger":"great_expectations._docs_decorators"}
{"timestamp":"2025-11-26T16:22:16.553158","level":"info","event":"Skipping registering function DataSourceManager._bind_asset_factory_method_if_not_present.<locals>._add_asset_factory because it is a closure","logger":"great_expectations._docs_decorators"}
{"timestamp":"2025-11-26T16:22:16.553195","level":"info","event":"Skipping registering function DataSourceManager._bind_asset_factory_method_if_not_present.<locals>._add_asset_factory because it is a closure","logger":"great_expectations._docs_decorators"}
{"timestamp":"2025-11-26T16:22:16.553230","level":"info","event":"Skipping registering function DataSourceManager._bind_asset_factory_method_if_not_present.<locals>._add_asset_factory because it is a closure","logger":"great_expectations._docs_decorators"}
{"timestamp":"2025-11-26T16:22:16.553262","level":"info","event":"Skipping registering function DataSourceManager._bind_asset_factory_method_if_not_present.<locals>._add_asset_factory because it is a closure","logger":"great_expectations._docs_decorators"}
{"timestamp":"2025-11-26T16:22:16.553292","level":"info","event":"Skipping registering function DataSourceManager._bind_asset_factory_method_if_not_present.<locals>._add_asset_factory because it is a closure","logger":"great_expectations._docs_decorators"}
{"timestamp":"2025-11-26T16:22:16.553325","level":"info","event":"Skipping registering function DataSourceManager._bind_asset_factory_method_if_not_present.<locals>._add_asset_factory because it is a closure","logger":"great_expectations._docs_decorators"}
{"timestamp":"2025-11-26T16:22:16.553361","level":"info","event":"Skipping registering function DataSourceManager._bind_asset_factory_method_if_not_present.<locals>._add_asset_factory because it is a closure","logger":"great_expectations._docs_decorators"}
{"timestamp":"2025-11-26T16:22:16.553390","level":"info","event":"Skipping registering function DataSourceManager._bind_asset_factory_method_if_not_present.<locals>._add_asset_factory because it is a closure","logger":"great_expectations._docs_decorators"}
{"timestamp":"2025-11-26T16:22:16.553419","level":"info","event":"Skipping registering function DataSourceManager._bind_asset_factory_method_if_not_present.<locals>._add_asset_factory because it is a closure","logger":"great_expectations._docs_decorators"}
{"timestamp":"2025-11-26T16:22:16.553447","level":"info","event":"Skipping registering function DataSourceManager._bind_asset_factory_method_if_not_present.<locals>._add_asset_factory because it is a closure","logger":"great_expectations._docs_decorators"}
{"timestamp":"2025-11-26T16:22:16.553475","level":"info","event":"Skipping registering function DataSourceManager._bind_asset_factory_method_if_not_present.<locals>._add_asset_factory because it is a closure","logger":"great_expectations._docs_decorators"}
{"timestamp":"2025-11-26T16:22:16.553494","level":"info","event":"Skipping registering function DataSourceManager._register_add_datasource.<locals>.crud_method_info because it is a closure","logger":"great_expectations._docs_decorators"}
{"timestamp":"2025-11-26T16:22:16.553510","level":"info","event":"Skipping registering function DataSourceManager._register_update_datasource.<locals>.crud_method_info because it is a closure","logger":"great_expectations._docs_decorators"}
{"timestamp":"2025-11-26T16:22:16.553526","level":"info","event":"Skipping registering function DataSourceManager._register_add_or_update_datasource.<locals>.crud_method_info because it is a closure","logger":"great_expectations._docs_decorators"}
{"timestamp":"2025-11-26T16:22:16.553541","level":"info","event":"Skipping registering function DataSourceManager._register_delete_datasource.<locals>.crud_method_info because it is a closure","logger":"great_expectations._docs_decorators"}
{"timestamp":"2025-11-26T16:22:16.556201","level":"info","event":"Skipping registering function DataSourceManager._bind_asset_factory_method_if_not_present.<locals>._add_asset_factory because it is a closure","logger":"great_expectations._docs_decorators"}
{"timestamp":"2025-11-26T16:22:16.556307","level":"info","event":"Skipping registering function DataSourceManager._bind_asset_factory_method_if_not_present.<locals>._add_asset_factory because it is a closure","logger":"great_expectations._docs_decorators"}
{"timestamp":"2025-11-26T16:22:16.556389","level":"info","event":"Skipping registering function DataSourceManager._bind_asset_factory_method_if_not_present.<locals>._add_asset_factory because it is a closure","logger":"great_expectations._docs_decorators"}
{"timestamp":"2025-11-26T16:22:16.556467","level":"info","event":"Skipping registering function DataSourceManager._bind_asset_factory_method_if_not_present.<locals>._add_asset_factory because it is a closure","logger":"great_expectations._docs_decorators"}
{"timestamp":"2025-11-26T16:22:16.556543","level":"info","event":"Skipping registering function DataSourceManager._bind_asset_factory_method_if_not_present.<locals>._add_asset_factory because it is a closure","logger":"great_expectations._docs_decorators"}
{"timestamp":"2025-11-26T16:22:16.556618","level":"info","event":"Skipping registering function DataSourceManager._bind_asset_factory_method_if_not_present.<locals>._add_asset_factory because it is a closure","logger":"great_expectations._docs_decorators"}
{"timestamp":"2025-11-26T16:22:16.556699","level":"info","event":"Skipping registering function DataSourceManager._bind_asset_factory_method_if_not_present.<locals>._add_asset_factory because it is a closure","logger":"great_expectations._docs_decorators"}
{"timestamp":"2025-11-26T16:22:16.556797","level":"info","event":"Skipping registering function DataSourceManager._bind_asset_factory_method_if_not_present.<locals>._add_asset_factory because it is a closure","logger":"great_expectations._docs_decorators"}
{"timestamp":"2025-11-26T16:22:16.556879","level":"info","event":"Skipping registering function DataSourceManager._bind_asset_factory_method_if_not_present.<locals>._add_asset_factory because it is a closure","logger":"great_expectations._docs_decorators"}
{"timestamp":"2025-11-26T16:22:16.556956","level":"info","event":"Skipping registering function DataSourceManager._bind_asset_factory_method_if_not_present.<locals>._add_asset_factory because it is a closure","logger":"great_expectations._docs_decorators"}
{"timestamp":"2025-11-26T16:22:16.557034","level":"info","event":"Skipping registering function DataSourceManager._bind_asset_factory_method_if_not_present.<locals>._add_asset_factory because it is a closure","logger":"great_expectations._docs_decorators"}
{"timestamp":"2025-11-26T16:22:16.557111","level":"info","event":"Skipping registering function DataSourceManager._bind_asset_factory_method_if_not_present.<locals>._add_asset_factory because it is a closure","logger":"great_expectations._docs_decorators"}
{"timestamp":"2025-11-26T16:22:16.557174","level":"info","event":"Skipping registering function DataSourceManager._register_add_datasource.<locals>.crud_method_info because it is a closure","logger":"great_expectations._docs_decorators"}
{"timestamp":"2025-11-26T16:22:16.557249","level":"info","event":"Skipping registering function DataSourceManager._register_update_datasource.<locals>.crud_method_info because it is a closure","logger":"great_expectations._docs_decorators"}
{"timestamp":"2025-11-26T16:22:16.557308","level":"info","event":"Skipping registering function DataSourceManager._register_add_or_update_datasource.<locals>.crud_method_info because it is a closure","logger":"great_expectations._docs_decorators"}
{"timestamp":"2025-11-26T16:22:16.557363","level":"info","event":"Skipping registering function DataSourceManager._register_delete_datasource.<locals>.crud_method_info because it is a closure","logger":"great_expectations._docs_decorators"}
{"timestamp":"2025-11-26T16:22:16.561227","level":"info","event":"Skipping registering function DataSourceManager._register_add_datasource.<locals>.crud_method_info because it is a closure","logger":"great_expectations._docs_decorators"}
{"timestamp":"2025-11-26T16:22:16.561309","level":"info","event":"Skipping registering function DataSourceManager._register_update_datasource.<locals>.crud_method_info because it is a closure","logger":"great_expectations._docs_decorators"}
{"timestamp":"2025-11-26T16:22:16.561372","level":"info","event":"Skipping registering function DataSourceManager._register_add_or_update_datasource.<locals>.crud_method_info because it is a closure","logger":"great_expectations._docs_decorators"}
{"timestamp":"2025-11-26T16:22:16.561431","level":"info","event":"Skipping registering function DataSourceManager._register_delete_datasource.<locals>.crud_method_info because it is a closure","logger":"great_expectations._docs_decorators"}
{"timestamp":"2025-11-26T16:22:16.563232","level":"info","event":"Skipping registering function DataSourceManager._register_add_datasource.<locals>.crud_method_info because it is a closure","logger":"great_expectations._docs_decorators"}
{"timestamp":"2025-11-26T16:22:16.563308","level":"info","event":"Skipping registering function DataSourceManager._register_update_datasource.<locals>.crud_method_info because it is a closure","logger":"great_expectations._docs_decorators"}
{"timestamp":"2025-11-26T16:22:16.563371","level":"info","event":"Skipping registering function DataSourceManager._register_add_or_update_datasource.<locals>.crud_method_info because it is a closure","logger":"great_expectations._docs_decorators"}
{"timestamp":"2025-11-26T16:22:16.563429","level":"info","event":"Skipping registering function DataSourceManager._register_delete_datasource.<locals>.crud_method_info because it is a closure","logger":"great_expectations._docs_decorators"}
{"timestamp":"2025-11-26T16:22:16.566194","level":"info","event":"Skipping registering function DataSourceManager._register_add_datasource.<locals>.crud_method_info because it is a closure","logger":"great_expectations._docs_decorators"}
{"timestamp":"2025-11-26T16:22:16.566271","level":"info","event":"Skipping registering function DataSourceManager._register_update_datasource.<locals>.crud_method_info because it is a closure","logger":"great_expectations._docs_decorators"}
{"timestamp":"2025-11-26T16:22:16.566331","level":"info","event":"Skipping registering function DataSourceManager._register_add_or_update_datasource.<locals>.crud_method_info because it is a closure","logger":"great_expectations._docs_decorators"}
{"timestamp":"2025-11-26T16:22:16.566386","level":"info","event":"Skipping registering function DataSourceManager._register_delete_datasource.<locals>.crud_method_info because it is a closure","logger":"great_expectations._docs_decorators"}
{"timestamp":"2025-11-26T16:22:16.657645","level":"info","event":"Initializing DuckDB connection...","logger":"unusual_prefix_28365361c002a56757521d7aa9bbffbe356a9abc_sales_etl_pipeline"}
{"timestamp":"2025-11-26T16:22:16.660662","level":"info","event":"Configuring DuckDB for S3/MinIO access...","logger":"unusual_prefix_28365361c002a56757521d7aa9bbffbe356a9abc_sales_etl_pipeline"}
{"timestamp":"2025-11-26T16:22:32.349218","level":"info","event":"Querying and transforming data from s3://airflow-data/sales_data.csv...","logger":"unusual_prefix_28365361c002a56757521d7aa9bbffbe356a9abc_sales_etl_pipeline"}
{"timestamp":"2025-11-26T16:22:32.418039","level":"info","event":"Transformed 339 rows (shape: (339, 9))","logger":"unusual_prefix_28365361c002a56757521d7aa9bbffbe356a9abc_sales_etl_pipeline"}
{"timestamp":"2025-11-26T16:22:32.418137","level":"info","event":"Loading data into Postgres table 'sales_data'...","logger":"unusual_prefix_28365361c002a56757521d7aa9bbffbe356a9abc_sales_etl_pipeline"}
{"timestamp":"2025-11-26T16:22:32.753695","level":"warning","event":"empty cryptography key - values will not be stored encrypted.","logger":"airflow.models.crypto"}
{"timestamp":"2025-11-26T16:22:32.753858","level":"info","event":"Connection Retrieved 'postgres_default'","logger":"airflow.hooks.base"}
{"timestamp":"2025-11-26T16:22:32.755129","level":"warning","event":"/opt/airflow/dags/sales_etl_pipeline.py:323: UserWarning: pandas only supports SQLAlchemy connectable (engine/connection) or database string URI or sqlite3 DBAPI2 connection. Other DBAPI2 objects are not tested. Please consider using SQLAlchemy.\n  result_df.to_sql(\n","logger":"py.warnings"}
{"timestamp":"2025-11-26T16:22:32.755719","level":"error","event":"Failed to load data to Postgres: 'Engine' object has no attribute 'cursor'","logger":"unusual_prefix_28365361c002a56757521d7aa9bbffbe356a9abc_sales_etl_pipeline","error_detail":[{"exc_type":"AttributeError","exc_value":"'Engine' object has no attribute 'cursor'","exc_notes":[],"syntax_error":null,"is_cause":false,"frames":[{"filename":"/opt/airflow/dags/sales_etl_pipeline.py","lineno":323,"name":"load_to_postgres"},{"filename":"/home/airflow/.local/lib/python3.12/site-packages/pandas/util/_decorators.py","lineno":333,"name":"wrapper"},{"filename":"/home/airflow/.local/lib/python3.12/site-packages/pandas/core/generic.py","lineno":3087,"name":"to_sql"},{"filename":"/home/airflow/.local/lib/python3.12/site-packages/pandas/io/sql.py","lineno":842,"name":"to_sql"},{"filename":"/home/airflow/.local/lib/python3.12/site-packages/pandas/io/sql.py","lineno":2850,"name":"to_sql"},{"filename":"/home/airflow/.local/lib/python3.12/site-packages/pandas/io/sql.py","lineno":984,"name":"create"},{"filename":"/home/airflow/.local/lib/python3.12/site-packages/pandas/io/sql.py","lineno":970,"name":"exists"},{"filename":"/home/airflow/.local/lib/python3.12/site-packages/pandas/io/sql.py","lineno":2865,"name":"has_table"},{"filename":"/home/airflow/.local/lib/python3.12/site-packages/pandas/io/sql.py","lineno":2672,"name":"execute"}],"is_group":false,"exceptions":[]}]}
{"timestamp":"2025-11-26T16:22:32.758182","level":"error","event":"Task failed with exception","logger":"task","error_detail":[{"exc_type":"AirflowException","exc_value":"Data loading failed: 'Engine' object has no attribute 'cursor'","exc_notes":[],"syntax_error":null,"is_cause":false,"frames":[{"filename":"/home/airflow/.local/lib/python3.12/site-packages/airflow/sdk/execution_time/task_runner.py","lineno":877,"name":"run"},{"filename":"/home/airflow/.local/lib/python3.12/site-packages/airflow/sdk/execution_time/task_runner.py","lineno":1164,"name":"_execute_task"},{"filename":"/home/airflow/.local/lib/python3.12/site-packages/airflow/sdk/bases/operator.py","lineno":397,"name":"wrapper"},{"filename":"/home/airflow/.local/lib/python3.12/site-packages/airflow/sdk/bases/decorator.py","lineno":251,"name":"execute"},{"filename":"/home/airflow/.local/lib/python3.12/site-packages/airflow/sdk/bases/operator.py","lineno":397,"name":"wrapper"},{"filename":"/home/airflow/.local/lib/python3.12/site-packages/airflow/providers/standard/operators/python.py","lineno":217,"name":"execute"},{"filename":"/home/airflow/.local/lib/python3.12/site-packages/airflow/providers/standard/operators/python.py","lineno":240,"name":"execute_callable"},{"filename":"/home/airflow/.local/lib/python3.12/site-packages/airflow/sdk/execution_time/callback_runner.py","lineno":81,"name":"run"},{"filename":"/opt/airflow/dags/sales_etl_pipeline.py","lineno":342,"name":"load_to_postgres"}],"is_group":false,"exceptions":[]},{"exc_type":"AttributeError","exc_value":"'Engine' object has no attribute 'cursor'","exc_notes":[],"syntax_error":null,"is_cause":false,"frames":[{"filename":"/opt/airflow/dags/sales_etl_pipeline.py","lineno":323,"name":"load_to_postgres"},{"filename":"/home/airflow/.local/lib/python3.12/site-packages/pandas/util/_decorators.py","lineno":333,"name":"wrapper"},{"filename":"/home/airflow/.local/lib/python3.12/site-packages/pandas/core/generic.py","lineno":3087,"name":"to_sql"},{"filename":"/home/airflow/.local/lib/python3.12/site-packages/pandas/io/sql.py","lineno":842,"name":"to_sql"},{"filename":"/home/airflow/.local/lib/python3.12/site-packages/pandas/io/sql.py","lineno":2850,"name":"to_sql"},{"filename":"/home/airflow/.local/lib/python3.12/site-packages/pandas/io/sql.py","lineno":984,"name":"create"},{"filename":"/home/airflow/.local/lib/python3.12/site-packages/pandas/io/sql.py","lineno":970,"name":"exists"},{"filename":"/home/airflow/.local/lib/python3.12/site-packages/pandas/io/sql.py","lineno":2865,"name":"has_table"},{"filename":"/home/airflow/.local/lib/python3.12/site-packages/pandas/io/sql.py","lineno":2672,"name":"execute"}],"is_group":false,"exceptions":[]}]}
