{"timestamp":"2025-11-26T17:10:29.885476","level":"info","event":"DAG bundles loaded: dags-folder","logger":"airflow.dag_processing.bundles.manager.DagBundlesManager"}
{"timestamp":"2025-11-26T17:10:29.886009","level":"info","event":"Filling up the DagBag from /opt/airflow/dags/sales_etl_pipeline.py","logger":"airflow.models.dagbag.DagBag"}
{"timestamp":"2025-11-26T17:10:30.362260","level":"info","event":"Skipping registering function get_context because it does not have a class","logger":"great_expectations._docs_decorators"}
{"timestamp":"2025-11-26T17:10:30.982441","level":"info","event":"Skipping registering function DataSourceManager._register_add_datasource.<locals>.crud_method_info because it is a closure","logger":"great_expectations._docs_decorators"}
{"timestamp":"2025-11-26T17:10:30.982519","level":"info","event":"Skipping registering function DataSourceManager._register_update_datasource.<locals>.crud_method_info because it is a closure","logger":"great_expectations._docs_decorators"}
{"timestamp":"2025-11-26T17:10:30.982580","level":"info","event":"Skipping registering function DataSourceManager._register_add_or_update_datasource.<locals>.crud_method_info because it is a closure","logger":"great_expectations._docs_decorators"}
{"timestamp":"2025-11-26T17:10:30.982627","level":"info","event":"Skipping registering function DataSourceManager._register_delete_datasource.<locals>.crud_method_info because it is a closure","logger":"great_expectations._docs_decorators"}
{"timestamp":"2025-11-26T17:10:31.004982","level":"info","event":"Skipping registering function DataSourceManager._bind_asset_factory_method_if_not_present.<locals>._add_asset_factory because it is a closure","logger":"great_expectations._docs_decorators"}
{"timestamp":"2025-11-26T17:10:31.005050","level":"info","event":"Skipping registering function DataSourceManager._bind_asset_factory_method_if_not_present.<locals>._add_asset_factory because it is a closure","logger":"great_expectations._docs_decorators"}
{"timestamp":"2025-11-26T17:10:31.005106","level":"info","event":"Skipping registering function DataSourceManager._bind_asset_factory_method_if_not_present.<locals>._add_asset_factory because it is a closure","logger":"great_expectations._docs_decorators"}
{"timestamp":"2025-11-26T17:10:31.005153","level":"info","event":"Skipping registering function DataSourceManager._bind_asset_factory_method_if_not_present.<locals>._add_asset_factory because it is a closure","logger":"great_expectations._docs_decorators"}
{"timestamp":"2025-11-26T17:10:31.005193","level":"info","event":"Skipping registering function DataSourceManager._bind_asset_factory_method_if_not_present.<locals>._add_asset_factory because it is a closure","logger":"great_expectations._docs_decorators"}
{"timestamp":"2025-11-26T17:10:31.005231","level":"info","event":"Skipping registering function DataSourceManager._bind_asset_factory_method_if_not_present.<locals>._add_asset_factory because it is a closure","logger":"great_expectations._docs_decorators"}
{"timestamp":"2025-11-26T17:10:31.005269","level":"info","event":"Skipping registering function DataSourceManager._bind_asset_factory_method_if_not_present.<locals>._add_asset_factory because it is a closure","logger":"great_expectations._docs_decorators"}
{"timestamp":"2025-11-26T17:10:31.005305","level":"info","event":"Skipping registering function DataSourceManager._bind_asset_factory_method_if_not_present.<locals>._add_asset_factory because it is a closure","logger":"great_expectations._docs_decorators"}
{"timestamp":"2025-11-26T17:10:31.005342","level":"info","event":"Skipping registering function DataSourceManager._bind_asset_factory_method_if_not_present.<locals>._add_asset_factory because it is a closure","logger":"great_expectations._docs_decorators"}
{"timestamp":"2025-11-26T17:10:31.005375","level":"info","event":"Skipping registering function DataSourceManager._bind_asset_factory_method_if_not_present.<locals>._add_asset_factory because it is a closure","logger":"great_expectations._docs_decorators"}
{"timestamp":"2025-11-26T17:10:31.005410","level":"info","event":"Skipping registering function DataSourceManager._bind_asset_factory_method_if_not_present.<locals>._add_asset_factory because it is a closure","logger":"great_expectations._docs_decorators"}
{"timestamp":"2025-11-26T17:10:31.005442","level":"info","event":"Skipping registering function DataSourceManager._bind_asset_factory_method_if_not_present.<locals>._add_asset_factory because it is a closure","logger":"great_expectations._docs_decorators"}
{"timestamp":"2025-11-26T17:10:31.005477","level":"info","event":"Skipping registering function DataSourceManager._bind_asset_factory_method_if_not_present.<locals>._add_asset_factory because it is a closure","logger":"great_expectations._docs_decorators"}
{"timestamp":"2025-11-26T17:10:31.005516","level":"info","event":"Skipping registering function DataSourceManager._bind_asset_factory_method_if_not_present.<locals>._add_asset_factory because it is a closure","logger":"great_expectations._docs_decorators"}
{"timestamp":"2025-11-26T17:10:31.005540","level":"info","event":"Skipping registering function DataSourceManager._register_add_datasource.<locals>.crud_method_info because it is a closure","logger":"great_expectations._docs_decorators"}
{"timestamp":"2025-11-26T17:10:31.005569","level":"info","event":"Skipping registering function DataSourceManager._register_update_datasource.<locals>.crud_method_info because it is a closure","logger":"great_expectations._docs_decorators"}
{"timestamp":"2025-11-26T17:10:31.005590","level":"info","event":"Skipping registering function DataSourceManager._register_add_or_update_datasource.<locals>.crud_method_info because it is a closure","logger":"great_expectations._docs_decorators"}
{"timestamp":"2025-11-26T17:10:31.005609","level":"info","event":"Skipping registering function DataSourceManager._register_delete_datasource.<locals>.crud_method_info because it is a closure","logger":"great_expectations._docs_decorators"}
{"timestamp":"2025-11-26T17:10:31.006378","level":"info","event":"Skipping registering function DataSourceManager._register_add_datasource.<locals>.crud_method_info because it is a closure","logger":"great_expectations._docs_decorators"}
{"timestamp":"2025-11-26T17:10:31.006409","level":"info","event":"Skipping registering function DataSourceManager._register_update_datasource.<locals>.crud_method_info because it is a closure","logger":"great_expectations._docs_decorators"}
{"timestamp":"2025-11-26T17:10:31.006429","level":"info","event":"Skipping registering function DataSourceManager._register_add_or_update_datasource.<locals>.crud_method_info because it is a closure","logger":"great_expectations._docs_decorators"}
{"timestamp":"2025-11-26T17:10:31.006449","level":"info","event":"Skipping registering function DataSourceManager._register_delete_datasource.<locals>.crud_method_info because it is a closure","logger":"great_expectations._docs_decorators"}
{"timestamp":"2025-11-26T17:10:31.007420","level":"info","event":"Skipping registering function DataSourceManager._bind_asset_factory_method_if_not_present.<locals>._add_asset_factory because it is a closure","logger":"great_expectations._docs_decorators"}
{"timestamp":"2025-11-26T17:10:31.007474","level":"info","event":"Skipping registering function DataSourceManager._bind_asset_factory_method_if_not_present.<locals>._add_asset_factory because it is a closure","logger":"great_expectations._docs_decorators"}
{"timestamp":"2025-11-26T17:10:31.007513","level":"info","event":"Skipping registering function DataSourceManager._bind_asset_factory_method_if_not_present.<locals>._add_asset_factory because it is a closure","logger":"great_expectations._docs_decorators"}
{"timestamp":"2025-11-26T17:10:31.007553","level":"info","event":"Skipping registering function DataSourceManager._bind_asset_factory_method_if_not_present.<locals>._add_asset_factory because it is a closure","logger":"great_expectations._docs_decorators"}
{"timestamp":"2025-11-26T17:10:31.007599","level":"info","event":"Skipping registering function DataSourceManager._bind_asset_factory_method_if_not_present.<locals>._add_asset_factory because it is a closure","logger":"great_expectations._docs_decorators"}
{"timestamp":"2025-11-26T17:10:31.007638","level":"info","event":"Skipping registering function DataSourceManager._bind_asset_factory_method_if_not_present.<locals>._add_asset_factory because it is a closure","logger":"great_expectations._docs_decorators"}
{"timestamp":"2025-11-26T17:10:31.007676","level":"info","event":"Skipping registering function DataSourceManager._bind_asset_factory_method_if_not_present.<locals>._add_asset_factory because it is a closure","logger":"great_expectations._docs_decorators"}
{"timestamp":"2025-11-26T17:10:31.007711","level":"info","event":"Skipping registering function DataSourceManager._bind_asset_factory_method_if_not_present.<locals>._add_asset_factory because it is a closure","logger":"great_expectations._docs_decorators"}
{"timestamp":"2025-11-26T17:10:31.007747","level":"info","event":"Skipping registering function DataSourceManager._bind_asset_factory_method_if_not_present.<locals>._add_asset_factory because it is a closure","logger":"great_expectations._docs_decorators"}
{"timestamp":"2025-11-26T17:10:31.007780","level":"info","event":"Skipping registering function DataSourceManager._bind_asset_factory_method_if_not_present.<locals>._add_asset_factory because it is a closure","logger":"great_expectations._docs_decorators"}
{"timestamp":"2025-11-26T17:10:31.007817","level":"info","event":"Skipping registering function DataSourceManager._bind_asset_factory_method_if_not_present.<locals>._add_asset_factory because it is a closure","logger":"great_expectations._docs_decorators"}
{"timestamp":"2025-11-26T17:10:31.007851","level":"info","event":"Skipping registering function DataSourceManager._bind_asset_factory_method_if_not_present.<locals>._add_asset_factory because it is a closure","logger":"great_expectations._docs_decorators"}
{"timestamp":"2025-11-26T17:10:31.007886","level":"info","event":"Skipping registering function DataSourceManager._bind_asset_factory_method_if_not_present.<locals>._add_asset_factory because it is a closure","logger":"great_expectations._docs_decorators"}
{"timestamp":"2025-11-26T17:10:31.007923","level":"info","event":"Skipping registering function DataSourceManager._bind_asset_factory_method_if_not_present.<locals>._add_asset_factory because it is a closure","logger":"great_expectations._docs_decorators"}
{"timestamp":"2025-11-26T17:10:31.007944","level":"info","event":"Skipping registering function DataSourceManager._register_add_datasource.<locals>.crud_method_info because it is a closure","logger":"great_expectations._docs_decorators"}
{"timestamp":"2025-11-26T17:10:31.007965","level":"info","event":"Skipping registering function DataSourceManager._register_update_datasource.<locals>.crud_method_info because it is a closure","logger":"great_expectations._docs_decorators"}
{"timestamp":"2025-11-26T17:10:31.007983","level":"info","event":"Skipping registering function DataSourceManager._register_add_or_update_datasource.<locals>.crud_method_info because it is a closure","logger":"great_expectations._docs_decorators"}
{"timestamp":"2025-11-26T17:10:31.008003","level":"info","event":"Skipping registering function DataSourceManager._register_delete_datasource.<locals>.crud_method_info because it is a closure","logger":"great_expectations._docs_decorators"}
{"timestamp":"2025-11-26T17:10:31.008902","level":"info","event":"Skipping registering function DataSourceManager._bind_asset_factory_method_if_not_present.<locals>._add_asset_factory because it is a closure","logger":"great_expectations._docs_decorators"}
{"timestamp":"2025-11-26T17:10:31.008956","level":"info","event":"Skipping registering function DataSourceManager._bind_asset_factory_method_if_not_present.<locals>._add_asset_factory because it is a closure","logger":"great_expectations._docs_decorators"}
{"timestamp":"2025-11-26T17:10:31.008994","level":"info","event":"Skipping registering function DataSourceManager._bind_asset_factory_method_if_not_present.<locals>._add_asset_factory because it is a closure","logger":"great_expectations._docs_decorators"}
{"timestamp":"2025-11-26T17:10:31.009031","level":"info","event":"Skipping registering function DataSourceManager._bind_asset_factory_method_if_not_present.<locals>._add_asset_factory because it is a closure","logger":"great_expectations._docs_decorators"}
{"timestamp":"2025-11-26T17:10:31.009067","level":"info","event":"Skipping registering function DataSourceManager._bind_asset_factory_method_if_not_present.<locals>._add_asset_factory because it is a closure","logger":"great_expectations._docs_decorators"}
{"timestamp":"2025-11-26T17:10:31.009107","level":"info","event":"Skipping registering function DataSourceManager._bind_asset_factory_method_if_not_present.<locals>._add_asset_factory because it is a closure","logger":"great_expectations._docs_decorators"}
{"timestamp":"2025-11-26T17:10:31.009147","level":"info","event":"Skipping registering function DataSourceManager._bind_asset_factory_method_if_not_present.<locals>._add_asset_factory because it is a closure","logger":"great_expectations._docs_decorators"}
{"timestamp":"2025-11-26T17:10:31.009182","level":"info","event":"Skipping registering function DataSourceManager._bind_asset_factory_method_if_not_present.<locals>._add_asset_factory because it is a closure","logger":"great_expectations._docs_decorators"}
{"timestamp":"2025-11-26T17:10:31.009215","level":"info","event":"Skipping registering function DataSourceManager._bind_asset_factory_method_if_not_present.<locals>._add_asset_factory because it is a closure","logger":"great_expectations._docs_decorators"}
{"timestamp":"2025-11-26T17:10:31.009249","level":"info","event":"Skipping registering function DataSourceManager._bind_asset_factory_method_if_not_present.<locals>._add_asset_factory because it is a closure","logger":"great_expectations._docs_decorators"}
{"timestamp":"2025-11-26T17:10:31.009284","level":"info","event":"Skipping registering function DataSourceManager._bind_asset_factory_method_if_not_present.<locals>._add_asset_factory because it is a closure","logger":"great_expectations._docs_decorators"}
{"timestamp":"2025-11-26T17:10:31.009320","level":"info","event":"Skipping registering function DataSourceManager._bind_asset_factory_method_if_not_present.<locals>._add_asset_factory because it is a closure","logger":"great_expectations._docs_decorators"}
{"timestamp":"2025-11-26T17:10:31.009354","level":"info","event":"Skipping registering function DataSourceManager._bind_asset_factory_method_if_not_present.<locals>._add_asset_factory because it is a closure","logger":"great_expectations._docs_decorators"}
{"timestamp":"2025-11-26T17:10:31.009390","level":"info","event":"Skipping registering function DataSourceManager._bind_asset_factory_method_if_not_present.<locals>._add_asset_factory because it is a closure","logger":"great_expectations._docs_decorators"}
{"timestamp":"2025-11-26T17:10:31.009412","level":"info","event":"Skipping registering function DataSourceManager._register_add_datasource.<locals>.crud_method_info because it is a closure","logger":"great_expectations._docs_decorators"}
{"timestamp":"2025-11-26T17:10:31.009432","level":"info","event":"Skipping registering function DataSourceManager._register_update_datasource.<locals>.crud_method_info because it is a closure","logger":"great_expectations._docs_decorators"}
{"timestamp":"2025-11-26T17:10:31.009449","level":"info","event":"Skipping registering function DataSourceManager._register_add_or_update_datasource.<locals>.crud_method_info because it is a closure","logger":"great_expectations._docs_decorators"}
{"timestamp":"2025-11-26T17:10:31.009468","level":"info","event":"Skipping registering function DataSourceManager._register_delete_datasource.<locals>.crud_method_info because it is a closure","logger":"great_expectations._docs_decorators"}
{"timestamp":"2025-11-26T17:10:31.010361","level":"info","event":"Skipping registering function DataSourceManager._bind_asset_factory_method_if_not_present.<locals>._add_asset_factory because it is a closure","logger":"great_expectations._docs_decorators"}
{"timestamp":"2025-11-26T17:10:31.010410","level":"info","event":"Skipping registering function DataSourceManager._bind_asset_factory_method_if_not_present.<locals>._add_asset_factory because it is a closure","logger":"great_expectations._docs_decorators"}
{"timestamp":"2025-11-26T17:10:31.010452","level":"info","event":"Skipping registering function DataSourceManager._bind_asset_factory_method_if_not_present.<locals>._add_asset_factory because it is a closure","logger":"great_expectations._docs_decorators"}
{"timestamp":"2025-11-26T17:10:31.010493","level":"info","event":"Skipping registering function DataSourceManager._bind_asset_factory_method_if_not_present.<locals>._add_asset_factory because it is a closure","logger":"great_expectations._docs_decorators"}
{"timestamp":"2025-11-26T17:10:31.010531","level":"info","event":"Skipping registering function DataSourceManager._bind_asset_factory_method_if_not_present.<locals>._add_asset_factory because it is a closure","logger":"great_expectations._docs_decorators"}
{"timestamp":"2025-11-26T17:10:31.010579","level":"info","event":"Skipping registering function DataSourceManager._bind_asset_factory_method_if_not_present.<locals>._add_asset_factory because it is a closure","logger":"great_expectations._docs_decorators"}
{"timestamp":"2025-11-26T17:10:31.010618","level":"info","event":"Skipping registering function DataSourceManager._bind_asset_factory_method_if_not_present.<locals>._add_asset_factory because it is a closure","logger":"great_expectations._docs_decorators"}
{"timestamp":"2025-11-26T17:10:31.010652","level":"info","event":"Skipping registering function DataSourceManager._bind_asset_factory_method_if_not_present.<locals>._add_asset_factory because it is a closure","logger":"great_expectations._docs_decorators"}
{"timestamp":"2025-11-26T17:10:31.010687","level":"info","event":"Skipping registering function DataSourceManager._bind_asset_factory_method_if_not_present.<locals>._add_asset_factory because it is a closure","logger":"great_expectations._docs_decorators"}
{"timestamp":"2025-11-26T17:10:31.010719","level":"info","event":"Skipping registering function DataSourceManager._bind_asset_factory_method_if_not_present.<locals>._add_asset_factory because it is a closure","logger":"great_expectations._docs_decorators"}
{"timestamp":"2025-11-26T17:10:31.010755","level":"info","event":"Skipping registering function DataSourceManager._bind_asset_factory_method_if_not_present.<locals>._add_asset_factory because it is a closure","logger":"great_expectations._docs_decorators"}
{"timestamp":"2025-11-26T17:10:31.010786","level":"info","event":"Skipping registering function DataSourceManager._bind_asset_factory_method_if_not_present.<locals>._add_asset_factory because it is a closure","logger":"great_expectations._docs_decorators"}
{"timestamp":"2025-11-26T17:10:31.010817","level":"info","event":"Skipping registering function DataSourceManager._bind_asset_factory_method_if_not_present.<locals>._add_asset_factory because it is a closure","logger":"great_expectations._docs_decorators"}
{"timestamp":"2025-11-26T17:10:31.010853","level":"info","event":"Skipping registering function DataSourceManager._bind_asset_factory_method_if_not_present.<locals>._add_asset_factory because it is a closure","logger":"great_expectations._docs_decorators"}
{"timestamp":"2025-11-26T17:10:31.010875","level":"info","event":"Skipping registering function DataSourceManager._register_add_datasource.<locals>.crud_method_info because it is a closure","logger":"great_expectations._docs_decorators"}
{"timestamp":"2025-11-26T17:10:31.010894","level":"info","event":"Skipping registering function DataSourceManager._register_update_datasource.<locals>.crud_method_info because it is a closure","logger":"great_expectations._docs_decorators"}
{"timestamp":"2025-11-26T17:10:31.010914","level":"info","event":"Skipping registering function DataSourceManager._register_add_or_update_datasource.<locals>.crud_method_info because it is a closure","logger":"great_expectations._docs_decorators"}
{"timestamp":"2025-11-26T17:10:31.010933","level":"info","event":"Skipping registering function DataSourceManager._register_delete_datasource.<locals>.crud_method_info because it is a closure","logger":"great_expectations._docs_decorators"}
{"timestamp":"2025-11-26T17:10:31.014740","level":"info","event":"Skipping registering function DataSourceManager._register_add_datasource.<locals>.crud_method_info because it is a closure","logger":"great_expectations._docs_decorators"}
{"timestamp":"2025-11-26T17:10:31.014773","level":"info","event":"Skipping registering function DataSourceManager._register_update_datasource.<locals>.crud_method_info because it is a closure","logger":"great_expectations._docs_decorators"}
{"timestamp":"2025-11-26T17:10:31.014791","level":"info","event":"Skipping registering function DataSourceManager._register_add_or_update_datasource.<locals>.crud_method_info because it is a closure","logger":"great_expectations._docs_decorators"}
{"timestamp":"2025-11-26T17:10:31.014811","level":"info","event":"Skipping registering function DataSourceManager._register_delete_datasource.<locals>.crud_method_info because it is a closure","logger":"great_expectations._docs_decorators"}
{"timestamp":"2025-11-26T17:10:31.022265","level":"info","event":"Skipping registering function DataSourceManager._register_add_datasource.<locals>.crud_method_info because it is a closure","logger":"great_expectations._docs_decorators"}
{"timestamp":"2025-11-26T17:10:31.022302","level":"info","event":"Skipping registering function DataSourceManager._register_update_datasource.<locals>.crud_method_info because it is a closure","logger":"great_expectations._docs_decorators"}
{"timestamp":"2025-11-26T17:10:31.022321","level":"info","event":"Skipping registering function DataSourceManager._register_add_or_update_datasource.<locals>.crud_method_info because it is a closure","logger":"great_expectations._docs_decorators"}
{"timestamp":"2025-11-26T17:10:31.022342","level":"info","event":"Skipping registering function DataSourceManager._register_delete_datasource.<locals>.crud_method_info because it is a closure","logger":"great_expectations._docs_decorators"}
{"timestamp":"2025-11-26T17:10:31.023444","level":"info","event":"Skipping registering function DataSourceManager._register_add_datasource.<locals>.crud_method_info because it is a closure","logger":"great_expectations._docs_decorators"}
{"timestamp":"2025-11-26T17:10:31.023476","level":"info","event":"Skipping registering function DataSourceManager._register_update_datasource.<locals>.crud_method_info because it is a closure","logger":"great_expectations._docs_decorators"}
{"timestamp":"2025-11-26T17:10:31.023495","level":"info","event":"Skipping registering function DataSourceManager._register_add_or_update_datasource.<locals>.crud_method_info because it is a closure","logger":"great_expectations._docs_decorators"}
{"timestamp":"2025-11-26T17:10:31.023513","level":"info","event":"Skipping registering function DataSourceManager._register_delete_datasource.<locals>.crud_method_info because it is a closure","logger":"great_expectations._docs_decorators"}
{"timestamp":"2025-11-26T17:10:31.025713","level":"info","event":"Skipping registering function DataSourceManager._register_add_datasource.<locals>.crud_method_info because it is a closure","logger":"great_expectations._docs_decorators"}
{"timestamp":"2025-11-26T17:10:31.025745","level":"info","event":"Skipping registering function DataSourceManager._register_update_datasource.<locals>.crud_method_info because it is a closure","logger":"great_expectations._docs_decorators"}
{"timestamp":"2025-11-26T17:10:31.025765","level":"info","event":"Skipping registering function DataSourceManager._register_add_or_update_datasource.<locals>.crud_method_info because it is a closure","logger":"great_expectations._docs_decorators"}
{"timestamp":"2025-11-26T17:10:31.025784","level":"info","event":"Skipping registering function DataSourceManager._register_delete_datasource.<locals>.crud_method_info because it is a closure","logger":"great_expectations._docs_decorators"}
{"timestamp":"2025-11-26T17:10:31.059352","level":"info","event":"Skipping registering function DataSourceManager._bind_asset_factory_method_if_not_present.<locals>._add_asset_factory because it is a closure","logger":"great_expectations._docs_decorators"}
{"timestamp":"2025-11-26T17:10:31.059423","level":"info","event":"Skipping registering function DataSourceManager._bind_asset_factory_method_if_not_present.<locals>._add_asset_factory because it is a closure","logger":"great_expectations._docs_decorators"}
{"timestamp":"2025-11-26T17:10:31.059464","level":"info","event":"Skipping registering function DataSourceManager._bind_asset_factory_method_if_not_present.<locals>._add_asset_factory because it is a closure","logger":"great_expectations._docs_decorators"}
{"timestamp":"2025-11-26T17:10:31.059501","level":"info","event":"Skipping registering function DataSourceManager._bind_asset_factory_method_if_not_present.<locals>._add_asset_factory because it is a closure","logger":"great_expectations._docs_decorators"}
{"timestamp":"2025-11-26T17:10:31.059533","level":"info","event":"Skipping registering function DataSourceManager._bind_asset_factory_method_if_not_present.<locals>._add_asset_factory because it is a closure","logger":"great_expectations._docs_decorators"}
{"timestamp":"2025-11-26T17:10:31.059580","level":"info","event":"Skipping registering function DataSourceManager._bind_asset_factory_method_if_not_present.<locals>._add_asset_factory because it is a closure","logger":"great_expectations._docs_decorators"}
{"timestamp":"2025-11-26T17:10:31.059621","level":"info","event":"Skipping registering function DataSourceManager._bind_asset_factory_method_if_not_present.<locals>._add_asset_factory because it is a closure","logger":"great_expectations._docs_decorators"}
{"timestamp":"2025-11-26T17:10:31.059657","level":"info","event":"Skipping registering function DataSourceManager._bind_asset_factory_method_if_not_present.<locals>._add_asset_factory because it is a closure","logger":"great_expectations._docs_decorators"}
{"timestamp":"2025-11-26T17:10:31.059691","level":"info","event":"Skipping registering function DataSourceManager._bind_asset_factory_method_if_not_present.<locals>._add_asset_factory because it is a closure","logger":"great_expectations._docs_decorators"}
{"timestamp":"2025-11-26T17:10:31.059727","level":"info","event":"Skipping registering function DataSourceManager._bind_asset_factory_method_if_not_present.<locals>._add_asset_factory because it is a closure","logger":"great_expectations._docs_decorators"}
{"timestamp":"2025-11-26T17:10:31.059766","level":"info","event":"Skipping registering function DataSourceManager._bind_asset_factory_method_if_not_present.<locals>._add_asset_factory because it is a closure","logger":"great_expectations._docs_decorators"}
{"timestamp":"2025-11-26T17:10:31.059813","level":"info","event":"Skipping registering function DataSourceManager._bind_asset_factory_method_if_not_present.<locals>._add_asset_factory because it is a closure","logger":"great_expectations._docs_decorators"}
{"timestamp":"2025-11-26T17:10:31.059835","level":"info","event":"Skipping registering function DataSourceManager._register_add_datasource.<locals>.crud_method_info because it is a closure","logger":"great_expectations._docs_decorators"}
{"timestamp":"2025-11-26T17:10:31.059855","level":"info","event":"Skipping registering function DataSourceManager._register_update_datasource.<locals>.crud_method_info because it is a closure","logger":"great_expectations._docs_decorators"}
{"timestamp":"2025-11-26T17:10:31.059878","level":"info","event":"Skipping registering function DataSourceManager._register_add_or_update_datasource.<locals>.crud_method_info because it is a closure","logger":"great_expectations._docs_decorators"}
{"timestamp":"2025-11-26T17:10:31.059900","level":"info","event":"Skipping registering function DataSourceManager._register_delete_datasource.<locals>.crud_method_info because it is a closure","logger":"great_expectations._docs_decorators"}
{"timestamp":"2025-11-26T17:10:31.061301","level":"info","event":"Skipping registering function DataSourceManager._register_add_datasource.<locals>.crud_method_info because it is a closure","logger":"great_expectations._docs_decorators"}
{"timestamp":"2025-11-26T17:10:31.061332","level":"info","event":"Skipping registering function DataSourceManager._register_update_datasource.<locals>.crud_method_info because it is a closure","logger":"great_expectations._docs_decorators"}
{"timestamp":"2025-11-26T17:10:31.061360","level":"info","event":"Skipping registering function DataSourceManager._register_add_or_update_datasource.<locals>.crud_method_info because it is a closure","logger":"great_expectations._docs_decorators"}
{"timestamp":"2025-11-26T17:10:31.061382","level":"info","event":"Skipping registering function DataSourceManager._register_delete_datasource.<locals>.crud_method_info because it is a closure","logger":"great_expectations._docs_decorators"}
{"timestamp":"2025-11-26T17:10:31.062864","level":"info","event":"Skipping registering function DataSourceManager._bind_asset_factory_method_if_not_present.<locals>._add_asset_factory because it is a closure","logger":"great_expectations._docs_decorators"}
{"timestamp":"2025-11-26T17:10:31.062918","level":"info","event":"Skipping registering function DataSourceManager._bind_asset_factory_method_if_not_present.<locals>._add_asset_factory because it is a closure","logger":"great_expectations._docs_decorators"}
{"timestamp":"2025-11-26T17:10:31.062956","level":"info","event":"Skipping registering function DataSourceManager._bind_asset_factory_method_if_not_present.<locals>._add_asset_factory because it is a closure","logger":"great_expectations._docs_decorators"}
{"timestamp":"2025-11-26T17:10:31.062993","level":"info","event":"Skipping registering function DataSourceManager._bind_asset_factory_method_if_not_present.<locals>._add_asset_factory because it is a closure","logger":"great_expectations._docs_decorators"}
{"timestamp":"2025-11-26T17:10:31.063028","level":"info","event":"Skipping registering function DataSourceManager._bind_asset_factory_method_if_not_present.<locals>._add_asset_factory because it is a closure","logger":"great_expectations._docs_decorators"}
{"timestamp":"2025-11-26T17:10:31.063062","level":"info","event":"Skipping registering function DataSourceManager._bind_asset_factory_method_if_not_present.<locals>._add_asset_factory because it is a closure","logger":"great_expectations._docs_decorators"}
{"timestamp":"2025-11-26T17:10:31.063100","level":"info","event":"Skipping registering function DataSourceManager._bind_asset_factory_method_if_not_present.<locals>._add_asset_factory because it is a closure","logger":"great_expectations._docs_decorators"}
{"timestamp":"2025-11-26T17:10:31.063140","level":"info","event":"Skipping registering function DataSourceManager._bind_asset_factory_method_if_not_present.<locals>._add_asset_factory because it is a closure","logger":"great_expectations._docs_decorators"}
{"timestamp":"2025-11-26T17:10:31.063174","level":"info","event":"Skipping registering function DataSourceManager._bind_asset_factory_method_if_not_present.<locals>._add_asset_factory because it is a closure","logger":"great_expectations._docs_decorators"}
{"timestamp":"2025-11-26T17:10:31.063209","level":"info","event":"Skipping registering function DataSourceManager._bind_asset_factory_method_if_not_present.<locals>._add_asset_factory because it is a closure","logger":"great_expectations._docs_decorators"}
{"timestamp":"2025-11-26T17:10:31.063245","level":"info","event":"Skipping registering function DataSourceManager._bind_asset_factory_method_if_not_present.<locals>._add_asset_factory because it is a closure","logger":"great_expectations._docs_decorators"}
{"timestamp":"2025-11-26T17:10:31.063277","level":"info","event":"Skipping registering function DataSourceManager._bind_asset_factory_method_if_not_present.<locals>._add_asset_factory because it is a closure","logger":"great_expectations._docs_decorators"}
{"timestamp":"2025-11-26T17:10:31.063299","level":"info","event":"Skipping registering function DataSourceManager._register_add_datasource.<locals>.crud_method_info because it is a closure","logger":"great_expectations._docs_decorators"}
{"timestamp":"2025-11-26T17:10:31.063319","level":"info","event":"Skipping registering function DataSourceManager._register_update_datasource.<locals>.crud_method_info because it is a closure","logger":"great_expectations._docs_decorators"}
{"timestamp":"2025-11-26T17:10:31.063338","level":"info","event":"Skipping registering function DataSourceManager._register_add_or_update_datasource.<locals>.crud_method_info because it is a closure","logger":"great_expectations._docs_decorators"}
{"timestamp":"2025-11-26T17:10:31.063356","level":"info","event":"Skipping registering function DataSourceManager._register_delete_datasource.<locals>.crud_method_info because it is a closure","logger":"great_expectations._docs_decorators"}
{"timestamp":"2025-11-26T17:10:31.064891","level":"info","event":"Skipping registering function DataSourceManager._bind_asset_factory_method_if_not_present.<locals>._add_asset_factory because it is a closure","logger":"great_expectations._docs_decorators"}
{"timestamp":"2025-11-26T17:10:31.064944","level":"info","event":"Skipping registering function DataSourceManager._bind_asset_factory_method_if_not_present.<locals>._add_asset_factory because it is a closure","logger":"great_expectations._docs_decorators"}
{"timestamp":"2025-11-26T17:10:31.064983","level":"info","event":"Skipping registering function DataSourceManager._bind_asset_factory_method_if_not_present.<locals>._add_asset_factory because it is a closure","logger":"great_expectations._docs_decorators"}
{"timestamp":"2025-11-26T17:10:31.065019","level":"info","event":"Skipping registering function DataSourceManager._bind_asset_factory_method_if_not_present.<locals>._add_asset_factory because it is a closure","logger":"great_expectations._docs_decorators"}
{"timestamp":"2025-11-26T17:10:31.065053","level":"info","event":"Skipping registering function DataSourceManager._bind_asset_factory_method_if_not_present.<locals>._add_asset_factory because it is a closure","logger":"great_expectations._docs_decorators"}
{"timestamp":"2025-11-26T17:10:31.065088","level":"info","event":"Skipping registering function DataSourceManager._bind_asset_factory_method_if_not_present.<locals>._add_asset_factory because it is a closure","logger":"great_expectations._docs_decorators"}
{"timestamp":"2025-11-26T17:10:31.065128","level":"info","event":"Skipping registering function DataSourceManager._bind_asset_factory_method_if_not_present.<locals>._add_asset_factory because it is a closure","logger":"great_expectations._docs_decorators"}
{"timestamp":"2025-11-26T17:10:31.065166","level":"info","event":"Skipping registering function DataSourceManager._bind_asset_factory_method_if_not_present.<locals>._add_asset_factory because it is a closure","logger":"great_expectations._docs_decorators"}
{"timestamp":"2025-11-26T17:10:31.065201","level":"info","event":"Skipping registering function DataSourceManager._bind_asset_factory_method_if_not_present.<locals>._add_asset_factory because it is a closure","logger":"great_expectations._docs_decorators"}
{"timestamp":"2025-11-26T17:10:31.065234","level":"info","event":"Skipping registering function DataSourceManager._bind_asset_factory_method_if_not_present.<locals>._add_asset_factory because it is a closure","logger":"great_expectations._docs_decorators"}
{"timestamp":"2025-11-26T17:10:31.065267","level":"info","event":"Skipping registering function DataSourceManager._bind_asset_factory_method_if_not_present.<locals>._add_asset_factory because it is a closure","logger":"great_expectations._docs_decorators"}
{"timestamp":"2025-11-26T17:10:31.065299","level":"info","event":"Skipping registering function DataSourceManager._bind_asset_factory_method_if_not_present.<locals>._add_asset_factory because it is a closure","logger":"great_expectations._docs_decorators"}
{"timestamp":"2025-11-26T17:10:31.065320","level":"info","event":"Skipping registering function DataSourceManager._register_add_datasource.<locals>.crud_method_info because it is a closure","logger":"great_expectations._docs_decorators"}
{"timestamp":"2025-11-26T17:10:31.065338","level":"info","event":"Skipping registering function DataSourceManager._register_update_datasource.<locals>.crud_method_info because it is a closure","logger":"great_expectations._docs_decorators"}
{"timestamp":"2025-11-26T17:10:31.065357","level":"info","event":"Skipping registering function DataSourceManager._register_add_or_update_datasource.<locals>.crud_method_info because it is a closure","logger":"great_expectations._docs_decorators"}
{"timestamp":"2025-11-26T17:10:31.065374","level":"info","event":"Skipping registering function DataSourceManager._register_delete_datasource.<locals>.crud_method_info because it is a closure","logger":"great_expectations._docs_decorators"}
{"timestamp":"2025-11-26T17:10:31.066892","level":"info","event":"Skipping registering function DataSourceManager._bind_asset_factory_method_if_not_present.<locals>._add_asset_factory because it is a closure","logger":"great_expectations._docs_decorators"}
{"timestamp":"2025-11-26T17:10:31.066950","level":"info","event":"Skipping registering function DataSourceManager._bind_asset_factory_method_if_not_present.<locals>._add_asset_factory because it is a closure","logger":"great_expectations._docs_decorators"}
{"timestamp":"2025-11-26T17:10:31.066989","level":"info","event":"Skipping registering function DataSourceManager._bind_asset_factory_method_if_not_present.<locals>._add_asset_factory because it is a closure","logger":"great_expectations._docs_decorators"}
{"timestamp":"2025-11-26T17:10:31.067024","level":"info","event":"Skipping registering function DataSourceManager._bind_asset_factory_method_if_not_present.<locals>._add_asset_factory because it is a closure","logger":"great_expectations._docs_decorators"}
{"timestamp":"2025-11-26T17:10:31.067055","level":"info","event":"Skipping registering function DataSourceManager._bind_asset_factory_method_if_not_present.<locals>._add_asset_factory because it is a closure","logger":"great_expectations._docs_decorators"}
{"timestamp":"2025-11-26T17:10:31.067086","level":"info","event":"Skipping registering function DataSourceManager._bind_asset_factory_method_if_not_present.<locals>._add_asset_factory because it is a closure","logger":"great_expectations._docs_decorators"}
{"timestamp":"2025-11-26T17:10:31.067121","level":"info","event":"Skipping registering function DataSourceManager._bind_asset_factory_method_if_not_present.<locals>._add_asset_factory because it is a closure","logger":"great_expectations._docs_decorators"}
{"timestamp":"2025-11-26T17:10:31.067159","level":"info","event":"Skipping registering function DataSourceManager._bind_asset_factory_method_if_not_present.<locals>._add_asset_factory because it is a closure","logger":"great_expectations._docs_decorators"}
{"timestamp":"2025-11-26T17:10:31.067191","level":"info","event":"Skipping registering function DataSourceManager._bind_asset_factory_method_if_not_present.<locals>._add_asset_factory because it is a closure","logger":"great_expectations._docs_decorators"}
{"timestamp":"2025-11-26T17:10:31.067223","level":"info","event":"Skipping registering function DataSourceManager._bind_asset_factory_method_if_not_present.<locals>._add_asset_factory because it is a closure","logger":"great_expectations._docs_decorators"}
{"timestamp":"2025-11-26T17:10:31.067256","level":"info","event":"Skipping registering function DataSourceManager._bind_asset_factory_method_if_not_present.<locals>._add_asset_factory because it is a closure","logger":"great_expectations._docs_decorators"}
{"timestamp":"2025-11-26T17:10:31.067288","level":"info","event":"Skipping registering function DataSourceManager._bind_asset_factory_method_if_not_present.<locals>._add_asset_factory because it is a closure","logger":"great_expectations._docs_decorators"}
{"timestamp":"2025-11-26T17:10:31.067309","level":"info","event":"Skipping registering function DataSourceManager._register_add_datasource.<locals>.crud_method_info because it is a closure","logger":"great_expectations._docs_decorators"}
{"timestamp":"2025-11-26T17:10:31.067327","level":"info","event":"Skipping registering function DataSourceManager._register_update_datasource.<locals>.crud_method_info because it is a closure","logger":"great_expectations._docs_decorators"}
{"timestamp":"2025-11-26T17:10:31.067345","level":"info","event":"Skipping registering function DataSourceManager._register_add_or_update_datasource.<locals>.crud_method_info because it is a closure","logger":"great_expectations._docs_decorators"}
{"timestamp":"2025-11-26T17:10:31.067363","level":"info","event":"Skipping registering function DataSourceManager._register_delete_datasource.<locals>.crud_method_info because it is a closure","logger":"great_expectations._docs_decorators"}
{"timestamp":"2025-11-26T17:10:31.069900","level":"info","event":"Skipping registering function DataSourceManager._register_add_datasource.<locals>.crud_method_info because it is a closure","logger":"great_expectations._docs_decorators"}
{"timestamp":"2025-11-26T17:10:31.069931","level":"info","event":"Skipping registering function DataSourceManager._register_update_datasource.<locals>.crud_method_info because it is a closure","logger":"great_expectations._docs_decorators"}
{"timestamp":"2025-11-26T17:10:31.069951","level":"info","event":"Skipping registering function DataSourceManager._register_add_or_update_datasource.<locals>.crud_method_info because it is a closure","logger":"great_expectations._docs_decorators"}
{"timestamp":"2025-11-26T17:10:31.069970","level":"info","event":"Skipping registering function DataSourceManager._register_delete_datasource.<locals>.crud_method_info because it is a closure","logger":"great_expectations._docs_decorators"}
{"timestamp":"2025-11-26T17:10:31.071713","level":"info","event":"Skipping registering function DataSourceManager._register_add_datasource.<locals>.crud_method_info because it is a closure","logger":"great_expectations._docs_decorators"}
{"timestamp":"2025-11-26T17:10:31.071745","level":"info","event":"Skipping registering function DataSourceManager._register_update_datasource.<locals>.crud_method_info because it is a closure","logger":"great_expectations._docs_decorators"}
{"timestamp":"2025-11-26T17:10:31.071764","level":"info","event":"Skipping registering function DataSourceManager._register_add_or_update_datasource.<locals>.crud_method_info because it is a closure","logger":"great_expectations._docs_decorators"}
{"timestamp":"2025-11-26T17:10:31.071785","level":"info","event":"Skipping registering function DataSourceManager._register_delete_datasource.<locals>.crud_method_info because it is a closure","logger":"great_expectations._docs_decorators"}
{"timestamp":"2025-11-26T17:10:31.073857","level":"info","event":"Skipping registering function DataSourceManager._register_add_datasource.<locals>.crud_method_info because it is a closure","logger":"great_expectations._docs_decorators"}
{"timestamp":"2025-11-26T17:10:31.073889","level":"info","event":"Skipping registering function DataSourceManager._register_update_datasource.<locals>.crud_method_info because it is a closure","logger":"great_expectations._docs_decorators"}
{"timestamp":"2025-11-26T17:10:31.073908","level":"info","event":"Skipping registering function DataSourceManager._register_add_or_update_datasource.<locals>.crud_method_info because it is a closure","logger":"great_expectations._docs_decorators"}
{"timestamp":"2025-11-26T17:10:31.073930","level":"info","event":"Skipping registering function DataSourceManager._register_delete_datasource.<locals>.crud_method_info because it is a closure","logger":"great_expectations._docs_decorators"}
{"timestamp":"2025-11-26T17:10:31.158693","level":"info","event":"Initializing DuckDB connection...","logger":"unusual_prefix_28365361c002a56757521d7aa9bbffbe356a9abc_sales_etl_pipeline"}
{"timestamp":"2025-11-26T17:10:31.163987","level":"info","event":"Configuring DuckDB for S3/MinIO access...","logger":"unusual_prefix_28365361c002a56757521d7aa9bbffbe356a9abc_sales_etl_pipeline"}
{"timestamp":"2025-11-26T17:10:31.205146","level":"info","event":"Querying and transforming data from s3://airflow-data/sales_data.csv...","logger":"unusual_prefix_28365361c002a56757521d7aa9bbffbe356a9abc_sales_etl_pipeline"}
{"timestamp":"2025-11-26T17:10:31.232263","level":"info","event":"Transformed 339 rows (shape: (339, 9))","logger":"unusual_prefix_28365361c002a56757521d7aa9bbffbe356a9abc_sales_etl_pipeline"}
{"timestamp":"2025-11-26T17:10:31.232346","level":"info","event":"Loading data into Postgres table 'sales_data'...","logger":"unusual_prefix_28365361c002a56757521d7aa9bbffbe356a9abc_sales_etl_pipeline"}
{"timestamp":"2025-11-26T17:10:31.242323","level":"info","event":"Connection Retrieved 'db_conn'","logger":"airflow.hooks.base"}
{"timestamp":"2025-11-26T17:10:31.246109","level":"info","event":"Running statement: DROP TABLE IF EXISTS sales_data;, parameters: None","logger":"airflow.task.hooks.airflow.providers.***.hooks.***.PostgresHook"}
{"timestamp":"2025-11-26T17:10:31.252324","level":"info","event":"Running statement: \n        CREATE TABLE sales_data (\n            order_id VARCHAR(255) PRIMARY KEY,\n            customer_name VARCHAR(255),\n            product_name VARCHAR(255),\n            quantity INTEGER,\n            price DECIMAL(10, 2),\n            total_amount DECIMAL(10, 2),\n            order_date DATE,\n            status VARCHAR(50),\n            loaded_at TIMESTAMP\n        );\n        , parameters: None","logger":"airflow.task.hooks.airflow.providers.***.hooks.***.PostgresHook"}
{"timestamp":"2025-11-26T17:10:31.255946","level":"info","event":"Table 'sales_data' recreated successfully","logger":"unusual_prefix_28365361c002a56757521d7aa9bbffbe356a9abc_sales_etl_pipeline"}
{"timestamp":"2025-11-26T17:10:31.284824","level":"info","event":"Loaded 339 rows into sales_data so far","logger":"airflow.task.hooks.airflow.providers.***.hooks.***.PostgresHook"}
{"timestamp":"2025-11-26T17:10:31.284926","level":"info","event":"Done loading. Loaded a total of 339 rows into sales_data","logger":"airflow.task.hooks.airflow.providers.***.hooks.***.PostgresHook"}
{"timestamp":"2025-11-26T17:10:31.284975","level":"info","event":"✅ Successfully loaded 339 rows into 'sales_data'","logger":"unusual_prefix_28365361c002a56757521d7aa9bbffbe356a9abc_sales_etl_pipeline"}
{"timestamp":"2025-11-26T17:10:31.286339","level":"info","event":"Done. Returned value was: {'rows_loaded': 339, 'table_name': 'sales_data', 'columns': ['order_id', 'customer_name', 'product_name', 'quantity', 'price', 'total_amount', 'order_date', 'status', 'loaded_at'], 'load_timestamp': '2025-11-26T17:10:31.284999'}","logger":"airflow.task.operators.airflow.providers.standard.decorators.python._PythonDecoratedOperator"}
{"timestamp":"2025-11-26T17:10:31.286530","level":"info","event":"Pushing xcom","ti":"RuntimeTaskInstance(id=UUID('019ac124-d301-762b-b006-7c1c1932a3f1'), task_id='load_to_***', dag_id='sales_etl_pipeline', run_id='manual__2025-11-26T17:10:07.334303+00:00', try_number=1, map_index=-1, hostname='5a0eca599a07', context_carrier={}, task=<Task(_PythonDecoratedOperator): load_to_***>, bundle_instance=LocalDagBundle(name=dags-folder), max_tries=2, start_date=datetime.datetime(2025, 11, 26, 17, 10, 29, 819446, tzinfo=datetime.timezone.utc), end_date=None, state=<TaskInstanceState.RUNNING: 'running'>, is_mapped=False, rendered_map_index=None, log_url='http://localhost:8080/dags/sales_etl_pipeline/runs/manual__2025-11-26T17%3A10%3A07.334303%2B00%3A00/tasks/load_to_***?try_number=1')","logger":"task"}
